#
# There is insufficient memory for the Java Runtime Environment to continue.
# Native memory allocation (malloc) failed to allocate 48656 bytes. Error detail: Chunk::new
# Possible reasons:
#   The system is out of physical RAM or swap space
#   This process is running with CompressedOops enabled, and the Java Heap may be blocking the growth of the native heap
# Possible solutions:
#   Reduce memory load on the system
#   Increase physical memory or swap space
#   Check if swap backing store is full
#   Decrease Java heap size (-Xmx/-Xms)
#   Decrease number of Java threads
#   Decrease Java thread stack sizes (-Xss)
#   Set larger code cache with -XX:ReservedCodeCacheSize=
#   JVM is running with Unscaled Compressed Oops mode in which the Java heap is
#     placed in the first 4GB address space. The Java Heap base address is the
#     maximum limit for the native heap growth. Please use -XX:HeapBaseMinAddress
#     to set the Java Heap base and to place the Java Heap above 4GB virtual address.
# This output file may be truncated or incomplete.
#
#  Out of Memory Error (arena.cpp:168), pid=12512, tid=18560
#
# JRE version: OpenJDK Runtime Environment (21.0.8) (build 21.0.8+-14018985-b1038.68)
# Java VM: OpenJDK 64-Bit Server VM (21.0.8+-14018985-b1038.68, mixed mode, tiered, compressed oops, compressed class ptrs, g1 gc, windows-amd64)
# No core dump will be written. Minidumps are not enabled by default on client versions of Windows
#

---------------  S U M M A R Y ------------

Command Line: org.jetbrains.kotlin.cli.jvm.K2JVMCompiler @D:\Flutter\cms\build\network_info_plus\20260127_12778618498037724919.compiler.options

Host: Intel(R) Core(TM) i7-6650U CPU @ 2.20GHz, 4 cores, 7G,  Windows 10 , 64 bit Build 19041 (10.0.19041.5915)
Time: Tue Jan 27 21:03:48 2026 Pakistan Standard Time elapsed time: 43.799836 seconds (0d 0h 0m 43s)

---------------  T H R E A D  ---------------

Current thread (0x000001f5b70548d0):  JavaThread "C2 CompilerThread0" daemon [_thread_in_native, id=18560, stack(0x0000004e2c500000,0x0000004e2c600000) (1024K)]


Current CompileTask:
C2:43799 6921       4       org.jetbrains.kotlin.codegen.optimization.common.FastAnalyzer::analyzeInstruction (291 bytes)

Stack: [0x0000004e2c500000,0x0000004e2c600000]
Native frames: (J=compiled Java code, j=interpreted, Vv=VM code, C=native code)
V  [jvm.dll+0x6d68d9]
V  [jvm.dll+0x866693]
V  [jvm.dll+0x868c4e]
V  [jvm.dll+0x869333]
V  [jvm.dll+0x280566]
V  [jvm.dll+0xc07cd]
V  [jvm.dll+0xc0d03]
V  [jvm.dll+0x13ca9f]
V  [jvm.dll+0x660c12]
V  [jvm.dll+0x665779]
V  [jvm.dll+0x2490cf]
V  [jvm.dll+0x248821]
V  [jvm.dll+0x1c73a4]
V  [jvm.dll+0x257f9e]
V  [jvm.dll+0x2564e6]
V  [jvm.dll+0x3f4696]
V  [jvm.dll+0x80eac8]
V  [jvm.dll+0x6d512d]
C  [ucrtbase.dll+0x21bb2]
C  [KERNEL32.DLL+0x17374]
C  [ntdll.dll+0x4cc91]


---------------  P R O C E S S  ---------------

Threads class SMR info:
_java_thread_list=0x000001f5b9c47940, length=11, elements={
0x000001f599e7df30, 0x000001f5b700b8f0, 0x000001f5b703e510, 0x000001f5b703ef70,
0x000001f5b703faf0, 0x000001f5b7040550, 0x000001f5b70510d0, 0x000001f5b7051b30,
0x000001f5b70548d0, 0x000001f5b7057e50, 0x000001f5b71584f0
}

Java Threads: ( => current thread )
  0x000001f599e7df30 JavaThread "main"                              [_thread_in_Java, id=15580, stack(0x0000004e2b500000,0x0000004e2b600000) (1024K)]
  0x000001f5b700b8f0 JavaThread "Common-Cleaner"             daemon [_thread_blocked, id=17448, stack(0x0000004e2be00000,0x0000004e2bf00000) (1024K)]
  0x000001f5b703e510 JavaThread "Reference Handler"          daemon [_thread_blocked, id=7768, stack(0x0000004e2bf00000,0x0000004e2c000000) (1024K)]
  0x000001f5b703ef70 JavaThread "Finalizer"                  daemon [_thread_blocked, id=19700, stack(0x0000004e2c000000,0x0000004e2c100000) (1024K)]
  0x000001f5b703faf0 JavaThread "Signal Dispatcher"          daemon [_thread_blocked, id=11524, stack(0x0000004e2c100000,0x0000004e2c200000) (1024K)]
  0x000001f5b7040550 JavaThread "Attach Listener"            daemon [_thread_blocked, id=1192, stack(0x0000004e2c200000,0x0000004e2c300000) (1024K)]
  0x000001f5b70510d0 JavaThread "Service Thread"             daemon [_thread_blocked, id=19492, stack(0x0000004e2c300000,0x0000004e2c400000) (1024K)]
  0x000001f5b7051b30 JavaThread "Monitor Deflation Thread"   daemon [_thread_blocked, id=21252, stack(0x0000004e2c400000,0x0000004e2c500000) (1024K)]
=>0x000001f5b70548d0 JavaThread "C2 CompilerThread0"         daemon [_thread_in_native, id=18560, stack(0x0000004e2c500000,0x0000004e2c600000) (1024K)]
  0x000001f5b7057e50 JavaThread "C1 CompilerThread0"         daemon [_thread_blocked, id=16940, stack(0x0000004e2c600000,0x0000004e2c700000) (1024K)]
  0x000001f5b71584f0 JavaThread "Notification Thread"        daemon [_thread_blocked, id=19576, stack(0x0000004e2c700000,0x0000004e2c800000) (1024K)]
Total: 11

Other Threads:
  0x000001f5b2db02a0 VMThread "VM Thread"                           [id=15112, stack(0x0000004e2bd00000,0x0000004e2be00000) (1024K)]
  0x000001f5b2d47dc0 WatcherThread "VM Periodic Task Thread"        [id=13772, stack(0x0000004e2bc00000,0x0000004e2bd00000) (1024K)]
  0x000001f59c140410 WorkerThread "GC Thread#0"                     [id=11588, stack(0x0000004e2b700000,0x0000004e2b800000) (1024K)]
  0x000001f5b778a3d0 WorkerThread "GC Thread#1"                     [id=3440, stack(0x0000004e2c800000,0x0000004e2c900000) (1024K)]
  0x000001f5b77683c0 WorkerThread "GC Thread#2"                     [id=13212, stack(0x0000004e2c900000,0x0000004e2ca00000) (1024K)]
  0x000001f5b7768760 WorkerThread "GC Thread#3"                     [id=11208, stack(0x0000004e2ca00000,0x0000004e2cb00000) (1024K)]
  0x000001f59c150970 ConcurrentGCThread "G1 Main Marker"            [id=12636, stack(0x0000004e2b800000,0x0000004e2b900000) (1024K)]
  0x000001f59c151470 WorkerThread "G1 Conc#0"                       [id=7200, stack(0x0000004e2b900000,0x0000004e2ba00000) (1024K)]
  0x000001f59c1b6660 ConcurrentGCThread "G1 Refine#0"               [id=9064, stack(0x0000004e2ba00000,0x0000004e2bb00000) (1024K)]
  0x000001f5b2c22720 ConcurrentGCThread "G1 Service"                [id=6900, stack(0x0000004e2bb00000,0x0000004e2bc00000) (1024K)]
Total: 10

Threads with active compile tasks:
C2 CompilerThread0  43840 6921       4       org.jetbrains.kotlin.codegen.optimization.common.FastAnalyzer::analyzeInstruction (291 bytes)
Total: 1

VM state: not at safepoint (normal execution)

VM Mutex/Monitor currently owned by a thread: None

Heap address: 0x0000000085400000, size: 1964 MB, Compressed Oops mode: 32-bit

CDS archive(s) not mapped
Compressed class space mapped at: 0x0000000100000000-0x0000000140000000, reserved size: 1073741824
Narrow klass base: 0x0000000000000000, Narrow klass shift: 3, Narrow klass range: 0x140000000

GC Precious Log:
 CardTable entry size: 512
 Card Set container configuration: InlinePtr #cards 5 size 8 Array Of Cards #cards 12 size 40 Howl #buckets 4 coarsen threshold 1843 Howl Bitmap #cards 512 size 80 coarsen threshold 460 Card regions per heap region 1 cards per card region 2048
 CPUs: 4 total, 4 available
 Memory: 7854M
 Large Page Support: Disabled
 NUMA Support: Disabled
 Compressed Oops: Enabled (32-bit)
 Heap Region Size: 1M
 Heap Min Capacity: 8M
 Heap Initial Capacity: 124M
 Heap Max Capacity: 1964M
 Pre-touch: Disabled
 Parallel Workers: 4
 Concurrent Workers: 1
 Concurrent Refinement Workers: 4
 Periodic GC: Disabled

Heap:
 garbage-first heap   total 114688K, used 82850K [0x0000000085400000, 0x0000000100000000)
  region size 1024K, 39 young (39936K), 4 survivors (4096K)
 Metaspace       used 78469K, committed 78848K, reserved 1179648K
  class space    used 8777K, committed 8960K, reserved 1048576K

Heap Regions: E=young(eden), S=young(survivor), O=old, HS=humongous(starts), HC=humongous(continues), CS=collection set, F=free, TAMS=top-at-mark-start, PB=parsable bottom
|   0|0x0000000085400000, 0x0000000085500000, 0x0000000085500000|100%|HS|  |TAMS 0x0000000085400000| PB 0x0000000085400000| Complete 
|   1|0x0000000085500000, 0x0000000085600000, 0x0000000085600000|100%|HC|  |TAMS 0x0000000085500000| PB 0x0000000085500000| Complete 
|   2|0x0000000085600000, 0x0000000085700000, 0x0000000085700000|100%|HC|  |TAMS 0x0000000085600000| PB 0x0000000085600000| Complete 
|   3|0x0000000085700000, 0x0000000085800000, 0x0000000085800000|100%|HC|  |TAMS 0x0000000085700000| PB 0x0000000085700000| Complete 
|   4|0x0000000085800000, 0x0000000085900000, 0x0000000085900000|100%| O|  |TAMS 0x0000000085800000| PB 0x0000000085800000| Untracked 
|   5|0x0000000085900000, 0x0000000085a00000, 0x0000000085a00000|100%| O|  |TAMS 0x0000000085900000| PB 0x0000000085900000| Untracked 
|   6|0x0000000085a00000, 0x0000000085b00000, 0x0000000085b00000|100%| O|  |TAMS 0x0000000085a00000| PB 0x0000000085a00000| Untracked 
|   7|0x0000000085b00000, 0x0000000085c00000, 0x0000000085c00000|100%| O|  |TAMS 0x0000000085b00000| PB 0x0000000085b00000| Untracked 
|   8|0x0000000085c00000, 0x0000000085d00000, 0x0000000085d00000|100%| O|  |TAMS 0x0000000085c00000| PB 0x0000000085c00000| Untracked 
|   9|0x0000000085d00000, 0x0000000085e00000, 0x0000000085e00000|100%| O|  |TAMS 0x0000000085d00000| PB 0x0000000085d00000| Untracked 
|  10|0x0000000085e00000, 0x0000000085f00000, 0x0000000085f00000|100%| O|  |TAMS 0x0000000085e00000| PB 0x0000000085e00000| Untracked 
|  11|0x0000000085f00000, 0x0000000086000000, 0x0000000086000000|100%| O|  |TAMS 0x0000000085f00000| PB 0x0000000085f00000| Untracked 
|  12|0x0000000086000000, 0x0000000086100000, 0x0000000086100000|100%| O|  |TAMS 0x0000000086000000| PB 0x0000000086000000| Untracked 
|  13|0x0000000086100000, 0x0000000086200000, 0x0000000086200000|100%| O|  |TAMS 0x0000000086100000| PB 0x0000000086100000| Untracked 
|  14|0x0000000086200000, 0x0000000086300000, 0x0000000086300000|100%| O|  |TAMS 0x0000000086200000| PB 0x0000000086200000| Untracked 
|  15|0x0000000086300000, 0x0000000086400000, 0x0000000086400000|100%| O|  |TAMS 0x0000000086300000| PB 0x0000000086300000| Untracked 
|  16|0x0000000086400000, 0x0000000086500000, 0x0000000086500000|100%| O|  |TAMS 0x0000000086400000| PB 0x0000000086400000| Untracked 
|  17|0x0000000086500000, 0x0000000086600000, 0x0000000086600000|100%| O|  |TAMS 0x0000000086500000| PB 0x0000000086500000| Untracked 
|  18|0x0000000086600000, 0x0000000086700000, 0x0000000086700000|100%| O|  |TAMS 0x0000000086600000| PB 0x0000000086600000| Untracked 
|  19|0x0000000086700000, 0x0000000086800000, 0x0000000086800000|100%| O|  |TAMS 0x0000000086700000| PB 0x0000000086700000| Untracked 
|  20|0x0000000086800000, 0x0000000086900000, 0x0000000086900000|100%| O|  |TAMS 0x0000000086800000| PB 0x0000000086800000| Untracked 
|  21|0x0000000086900000, 0x0000000086a00000, 0x0000000086a00000|100%| O|  |TAMS 0x0000000086900000| PB 0x0000000086900000| Untracked 
|  22|0x0000000086a00000, 0x0000000086b00000, 0x0000000086b00000|100%| O|  |TAMS 0x0000000086a00000| PB 0x0000000086a00000| Untracked 
|  23|0x0000000086b00000, 0x0000000086c00000, 0x0000000086c00000|100%| O|  |TAMS 0x0000000086b00000| PB 0x0000000086b00000| Untracked 
|  24|0x0000000086c00000, 0x0000000086d00000, 0x0000000086d00000|100%| O|  |TAMS 0x0000000086c00000| PB 0x0000000086c00000| Untracked 
|  25|0x0000000086d00000, 0x0000000086e00000, 0x0000000086e00000|100%| O|  |TAMS 0x0000000086d00000| PB 0x0000000086d00000| Untracked 
|  26|0x0000000086e00000, 0x0000000086f00000, 0x0000000086f00000|100%| O|  |TAMS 0x0000000086e00000| PB 0x0000000086e00000| Untracked 
|  27|0x0000000086f00000, 0x0000000087000000, 0x0000000087000000|100%| O|  |TAMS 0x0000000086f00000| PB 0x0000000086f00000| Untracked 
|  28|0x0000000087000000, 0x0000000087100000, 0x0000000087100000|100%| O|  |TAMS 0x0000000087000000| PB 0x0000000087000000| Untracked 
|  29|0x0000000087100000, 0x0000000087200000, 0x0000000087200000|100%| O|  |TAMS 0x0000000087100000| PB 0x0000000087100000| Untracked 
|  30|0x0000000087200000, 0x0000000087300000, 0x0000000087300000|100%| O|  |TAMS 0x0000000087200000| PB 0x0000000087200000| Untracked 
|  31|0x0000000087300000, 0x0000000087400000, 0x0000000087400000|100%| O|  |TAMS 0x0000000087300000| PB 0x0000000087300000| Untracked 
|  32|0x0000000087400000, 0x0000000087400000, 0x0000000087500000|  0%| F|  |TAMS 0x0000000087400000| PB 0x0000000087400000| Untracked 
|  33|0x0000000087500000, 0x0000000087600000, 0x0000000087600000|100%| O|  |TAMS 0x0000000087500000| PB 0x0000000087500000| Untracked 
|  34|0x0000000087600000, 0x0000000087700000, 0x0000000087700000|100%| O|  |TAMS 0x0000000087600000| PB 0x0000000087600000| Untracked 
|  35|0x0000000087700000, 0x0000000087800000, 0x0000000087800000|100%| O|  |TAMS 0x0000000087700000| PB 0x0000000087700000| Untracked 
|  36|0x0000000087800000, 0x0000000087900000, 0x0000000087900000|100%| O|  |TAMS 0x0000000087800000| PB 0x0000000087800000| Untracked 
|  37|0x0000000087900000, 0x0000000087a00000, 0x0000000087a00000|100%| O|  |TAMS 0x0000000087900000| PB 0x0000000087900000| Untracked 
|  38|0x0000000087a00000, 0x0000000087b00000, 0x0000000087b00000|100%| O|  |TAMS 0x0000000087a00000| PB 0x0000000087a00000| Untracked 
|  39|0x0000000087b00000, 0x0000000087c00000, 0x0000000087c00000|100%| O|  |TAMS 0x0000000087b00000| PB 0x0000000087b00000| Untracked 
|  40|0x0000000087c00000, 0x0000000087d00000, 0x0000000087d00000|100%| O|  |TAMS 0x0000000087c00000| PB 0x0000000087c00000| Untracked 
|  41|0x0000000087d00000, 0x0000000087e00000, 0x0000000087e00000|100%| O|  |TAMS 0x0000000087d00000| PB 0x0000000087d00000| Untracked 
|  42|0x0000000087e00000, 0x0000000087f00000, 0x0000000087f00000|100%| O|  |TAMS 0x0000000087e00000| PB 0x0000000087e00000| Untracked 
|  43|0x0000000087f00000, 0x0000000088000000, 0x0000000088000000|100%| O|  |TAMS 0x0000000087f00000| PB 0x0000000087f00000| Untracked 
|  44|0x0000000088000000, 0x0000000088069210, 0x0000000088100000| 41%| O|  |TAMS 0x0000000088000000| PB 0x0000000088000000| Untracked 
|  45|0x0000000088100000, 0x0000000088100000, 0x0000000088200000|  0%| F|  |TAMS 0x0000000088100000| PB 0x0000000088100000| Untracked 
|  46|0x0000000088200000, 0x0000000088200000, 0x0000000088300000|  0%| F|  |TAMS 0x0000000088200000| PB 0x0000000088200000| Untracked 
|  47|0x0000000088300000, 0x0000000088300000, 0x0000000088400000|  0%| F|  |TAMS 0x0000000088300000| PB 0x0000000088300000| Untracked 
|  48|0x0000000088400000, 0x0000000088400000, 0x0000000088500000|  0%| F|  |TAMS 0x0000000088400000| PB 0x0000000088400000| Untracked 
|  49|0x0000000088500000, 0x0000000088500000, 0x0000000088600000|  0%| F|  |TAMS 0x0000000088500000| PB 0x0000000088500000| Untracked 
|  50|0x0000000088600000, 0x0000000088600000, 0x0000000088700000|  0%| F|  |TAMS 0x0000000088600000| PB 0x0000000088600000| Untracked 
|  51|0x0000000088700000, 0x0000000088700000, 0x0000000088800000|  0%| F|  |TAMS 0x0000000088700000| PB 0x0000000088700000| Untracked 
|  52|0x0000000088800000, 0x0000000088800000, 0x0000000088900000|  0%| F|  |TAMS 0x0000000088800000| PB 0x0000000088800000| Untracked 
|  53|0x0000000088900000, 0x0000000088900000, 0x0000000088a00000|  0%| F|  |TAMS 0x0000000088900000| PB 0x0000000088900000| Untracked 
|  54|0x0000000088a00000, 0x0000000088a00000, 0x0000000088b00000|  0%| F|  |TAMS 0x0000000088a00000| PB 0x0000000088a00000| Untracked 
|  55|0x0000000088b00000, 0x0000000088b00000, 0x0000000088c00000|  0%| F|  |TAMS 0x0000000088b00000| PB 0x0000000088b00000| Untracked 
|  56|0x0000000088c00000, 0x0000000088c00000, 0x0000000088d00000|  0%| F|  |TAMS 0x0000000088c00000| PB 0x0000000088c00000| Untracked 
|  57|0x0000000088d00000, 0x0000000088d00000, 0x0000000088e00000|  0%| F|  |TAMS 0x0000000088d00000| PB 0x0000000088d00000| Untracked 
|  58|0x0000000088e00000, 0x0000000088e00000, 0x0000000088f00000|  0%| F|  |TAMS 0x0000000088e00000| PB 0x0000000088e00000| Untracked 
|  59|0x0000000088f00000, 0x0000000088f00000, 0x0000000089000000|  0%| F|  |TAMS 0x0000000088f00000| PB 0x0000000088f00000| Untracked 
|  60|0x0000000089000000, 0x0000000089000000, 0x0000000089100000|  0%| F|  |TAMS 0x0000000089000000| PB 0x0000000089000000| Untracked 
|  61|0x0000000089100000, 0x0000000089100000, 0x0000000089200000|  0%| F|  |TAMS 0x0000000089100000| PB 0x0000000089100000| Untracked 
|  62|0x0000000089200000, 0x0000000089200000, 0x0000000089300000|  0%| F|  |TAMS 0x0000000089200000| PB 0x0000000089200000| Untracked 
|  63|0x0000000089300000, 0x000000008937f818, 0x0000000089400000| 49%| S|CS|TAMS 0x0000000089300000| PB 0x0000000089300000| Complete 
|  64|0x0000000089400000, 0x0000000089400000, 0x0000000089500000|  0%| F|  |TAMS 0x0000000089400000| PB 0x0000000089400000| Untracked 
|  65|0x0000000089500000, 0x0000000089500000, 0x0000000089600000|  0%| F|  |TAMS 0x0000000089500000| PB 0x0000000089500000| Untracked 
|  66|0x0000000089600000, 0x0000000089600000, 0x0000000089700000|  0%| F|  |TAMS 0x0000000089600000| PB 0x0000000089600000| Untracked 
|  67|0x0000000089700000, 0x0000000089700000, 0x0000000089800000|  0%| F|  |TAMS 0x0000000089700000| PB 0x0000000089700000| Untracked 
|  68|0x0000000089800000, 0x0000000089800000, 0x0000000089900000|  0%| F|  |TAMS 0x0000000089800000| PB 0x0000000089800000| Untracked 
|  69|0x0000000089900000, 0x0000000089900000, 0x0000000089a00000|  0%| F|  |TAMS 0x0000000089900000| PB 0x0000000089900000| Untracked 
|  70|0x0000000089a00000, 0x0000000089b00000, 0x0000000089b00000|100%| S|CS|TAMS 0x0000000089a00000| PB 0x0000000089a00000| Complete 
|  71|0x0000000089b00000, 0x0000000089c00000, 0x0000000089c00000|100%| S|CS|TAMS 0x0000000089b00000| PB 0x0000000089b00000| Complete 
|  72|0x0000000089c00000, 0x0000000089d00000, 0x0000000089d00000|100%| S|CS|TAMS 0x0000000089c00000| PB 0x0000000089c00000| Complete 
|  73|0x0000000089d00000, 0x0000000089d00000, 0x0000000089e00000|  0%| F|  |TAMS 0x0000000089d00000| PB 0x0000000089d00000| Untracked 
|  74|0x0000000089e00000, 0x0000000089e00000, 0x0000000089f00000|  0%| F|  |TAMS 0x0000000089e00000| PB 0x0000000089e00000| Untracked 
|  75|0x0000000089f00000, 0x0000000089f00000, 0x000000008a000000|  0%| F|  |TAMS 0x0000000089f00000| PB 0x0000000089f00000| Untracked 
|  76|0x000000008a000000, 0x000000008a000000, 0x000000008a100000|  0%| F|  |TAMS 0x000000008a000000| PB 0x000000008a000000| Untracked 
|  77|0x000000008a100000, 0x000000008a180000, 0x000000008a200000| 50%| E|  |TAMS 0x000000008a100000| PB 0x000000008a100000| Complete 
|  78|0x000000008a200000, 0x000000008a300000, 0x000000008a300000|100%| E|CS|TAMS 0x000000008a200000| PB 0x000000008a200000| Complete 
|  79|0x000000008a300000, 0x000000008a400000, 0x000000008a400000|100%| E|CS|TAMS 0x000000008a300000| PB 0x000000008a300000| Complete 
|  80|0x000000008a400000, 0x000000008a500000, 0x000000008a500000|100%| E|CS|TAMS 0x000000008a400000| PB 0x000000008a400000| Complete 
|  81|0x000000008a500000, 0x000000008a600000, 0x000000008a600000|100%| E|CS|TAMS 0x000000008a500000| PB 0x000000008a500000| Complete 
|  82|0x000000008a600000, 0x000000008a700000, 0x000000008a700000|100%| E|CS|TAMS 0x000000008a600000| PB 0x000000008a600000| Complete 
|  83|0x000000008a700000, 0x000000008a800000, 0x000000008a800000|100%| E|CS|TAMS 0x000000008a700000| PB 0x000000008a700000| Complete 
|  84|0x000000008a800000, 0x000000008a900000, 0x000000008a900000|100%| E|CS|TAMS 0x000000008a800000| PB 0x000000008a800000| Complete 
|  85|0x000000008a900000, 0x000000008aa00000, 0x000000008aa00000|100%| E|CS|TAMS 0x000000008a900000| PB 0x000000008a900000| Complete 
|  86|0x000000008aa00000, 0x000000008ab00000, 0x000000008ab00000|100%| E|CS|TAMS 0x000000008aa00000| PB 0x000000008aa00000| Complete 
|  87|0x000000008ab00000, 0x000000008ac00000, 0x000000008ac00000|100%| E|CS|TAMS 0x000000008ab00000| PB 0x000000008ab00000| Complete 
|  88|0x000000008ac00000, 0x000000008ad00000, 0x000000008ad00000|100%| E|CS|TAMS 0x000000008ac00000| PB 0x000000008ac00000| Complete 
|  89|0x000000008ad00000, 0x000000008ae00000, 0x000000008ae00000|100%| E|CS|TAMS 0x000000008ad00000| PB 0x000000008ad00000| Complete 
|  90|0x000000008ae00000, 0x000000008af00000, 0x000000008af00000|100%| E|CS|TAMS 0x000000008ae00000| PB 0x000000008ae00000| Complete 
|  91|0x000000008af00000, 0x000000008b000000, 0x000000008b000000|100%| E|CS|TAMS 0x000000008af00000| PB 0x000000008af00000| Complete 
|  92|0x000000008b000000, 0x000000008b100000, 0x000000008b100000|100%| E|CS|TAMS 0x000000008b000000| PB 0x000000008b000000| Complete 
|  93|0x000000008b100000, 0x000000008b200000, 0x000000008b200000|100%| E|CS|TAMS 0x000000008b100000| PB 0x000000008b100000| Complete 
|  94|0x000000008b200000, 0x000000008b300000, 0x000000008b300000|100%| E|CS|TAMS 0x000000008b200000| PB 0x000000008b200000| Complete 
|  95|0x000000008b300000, 0x000000008b400000, 0x000000008b400000|100%| E|CS|TAMS 0x000000008b300000| PB 0x000000008b300000| Complete 
|  96|0x000000008b400000, 0x000000008b500000, 0x000000008b500000|100%| E|CS|TAMS 0x000000008b400000| PB 0x000000008b400000| Complete 
|  97|0x000000008b500000, 0x000000008b600000, 0x000000008b600000|100%| E|CS|TAMS 0x000000008b500000| PB 0x000000008b500000| Complete 
|  98|0x000000008b600000, 0x000000008b700000, 0x000000008b700000|100%| E|CS|TAMS 0x000000008b600000| PB 0x000000008b600000| Complete 
|  99|0x000000008b700000, 0x000000008b800000, 0x000000008b800000|100%| E|CS|TAMS 0x000000008b700000| PB 0x000000008b700000| Complete 
| 100|0x000000008b800000, 0x000000008b900000, 0x000000008b900000|100%| E|CS|TAMS 0x000000008b800000| PB 0x000000008b800000| Complete 
| 101|0x000000008b900000, 0x000000008ba00000, 0x000000008ba00000|100%| E|CS|TAMS 0x000000008b900000| PB 0x000000008b900000| Complete 
| 102|0x000000008ba00000, 0x000000008bb00000, 0x000000008bb00000|100%| E|CS|TAMS 0x000000008ba00000| PB 0x000000008ba00000| Complete 
| 103|0x000000008bb00000, 0x000000008bc00000, 0x000000008bc00000|100%| E|CS|TAMS 0x000000008bb00000| PB 0x000000008bb00000| Complete 
| 104|0x000000008bc00000, 0x000000008bd00000, 0x000000008bd00000|100%| E|CS|TAMS 0x000000008bc00000| PB 0x000000008bc00000| Complete 
| 105|0x000000008bd00000, 0x000000008be00000, 0x000000008be00000|100%| E|CS|TAMS 0x000000008bd00000| PB 0x000000008bd00000| Complete 
| 106|0x000000008be00000, 0x000000008bf00000, 0x000000008bf00000|100%| E|CS|TAMS 0x000000008be00000| PB 0x000000008be00000| Complete 
| 107|0x000000008bf00000, 0x000000008c000000, 0x000000008c000000|100%| E|CS|TAMS 0x000000008bf00000| PB 0x000000008bf00000| Complete 
| 108|0x000000008c000000, 0x000000008c100000, 0x000000008c100000|100%| E|CS|TAMS 0x000000008c000000| PB 0x000000008c000000| Complete 
| 109|0x000000008c100000, 0x000000008c200000, 0x000000008c200000|100%| E|CS|TAMS 0x000000008c100000| PB 0x000000008c100000| Complete 
| 110|0x000000008c200000, 0x000000008c300000, 0x000000008c300000|100%| E|CS|TAMS 0x000000008c200000| PB 0x000000008c200000| Complete 
| 123|0x000000008cf00000, 0x000000008d000000, 0x000000008d000000|100%| E|CS|TAMS 0x000000008cf00000| PB 0x000000008cf00000| Complete 

Card table byte_map: [0x000001f5ae630000,0x000001f5aea10000] _byte_map_base: 0x000001f5ae206000

Marking Bits: (CMBitMap*) 0x000001f59c140b10
 Bits: [0x000001f5aea10000, 0x000001f5b08c0000)

Polling page: 0x000001f599de0000

Metaspace:

Usage:
  Non-class:     68.06 MB used.
      Class:      8.57 MB used.
       Both:     76.63 MB used.

Virtual space:
  Non-class space:      128.00 MB reserved,      68.25 MB ( 53%) committed,  2 nodes.
      Class space:        1.00 GB reserved,       8.75 MB ( <1%) committed,  1 nodes.
             Both:        1.12 GB reserved,      77.00 MB (  7%) committed. 

Chunk freelists:
   Non-Class:  11.70 MB
       Class:  7.29 MB
        Both:  18.99 MB

MaxMetaspaceSize: unlimited
CompressedClassSpaceSize: 1.00 GB
Initial GC threshold: 21.00 MB
Current GC threshold: 87.00 MB
CDS: off
 - commit_granule_bytes: 65536.
 - commit_granule_words: 8192.
 - virtual_space_node_default_size: 8388608.
 - enlarge_chunks_in_place: 1.
 - use_allocation_guard: 0.


Internal statistics:

num_allocs_failed_limit: 6.
num_arena_births: 342.
num_arena_deaths: 0.
num_vsnodes_births: 3.
num_vsnodes_deaths: 0.
num_space_committed: 1232.
num_space_uncommitted: 0.
num_chunks_returned_to_freelist: 6.
num_chunks_taken_from_freelist: 2739.
num_chunk_merges: 6.
num_chunk_splits: 2331.
num_chunks_enlarged: 2151.
num_inconsistent_stats: 0.

CodeHeap 'non-profiled nmethods': size=120000Kb used=3114Kb max_used=3114Kb free=116886Kb
 bounds [0x000001f5a6d20000, 0x000001f5a7030000, 0x000001f5ae250000]
CodeHeap 'profiled nmethods': size=120000Kb used=17663Kb max_used=17663Kb free=102336Kb
 bounds [0x000001f59f250000, 0x000001f5a0390000, 0x000001f5a6780000]
CodeHeap 'non-nmethods': size=5760Kb used=1814Kb max_used=1832Kb free=3945Kb
 bounds [0x000001f5a6780000, 0x000001f5a69f0000, 0x000001f5a6d20000]
CodeCache: size=245760Kb, used=22591Kb, max_used=22609Kb, free=223167Kb
 total_blobs=7303, nmethods=6483, adapters=721, full_count=0
Compilation: enabled, stopped_count=0, restarted_count=0

Compilation events (20 events):
Event: 43.770 Thread 0x000001f5b7057e50 nmethod 6911 0x000001f5a7029410 code [0x000001f5a70295a0, 0x000001f5a7029668]
Event: 43.770 Thread 0x000001f5b7057e50 6912       1       org.jetbrains.kotlin.codegen.inline.RangeMapping::getSource (5 bytes)
Event: 43.771 Thread 0x000001f5b7057e50 nmethod 6912 0x000001f5a7029710 code [0x000001f5a70298a0, 0x000001f5a7029968]
Event: 43.771 Thread 0x000001f5b7057e50 6913       1       org.jetbrains.kotlin.codegen.inline.RangeMapping::getCallSite (5 bytes)
Event: 43.771 Thread 0x000001f5b7057e50 nmethod 6913 0x000001f5a7029a10 code [0x000001f5a7029ba0, 0x000001f5a7029c68]
Event: 43.771 Thread 0x000001f5b7057e50 6914       3       org.jetbrains.kotlin.codegen.inline.MaxStackFrameSizeAndLocalsCalculator::visitInsn (41 bytes)
Event: 43.771 Thread 0x000001f5b7057e50 nmethod 6914 0x000001f5a038dc10 code [0x000001f5a038dde0, 0x000001f5a038e198]
Event: 43.771 Thread 0x000001f5b7057e50 6915       3       org.jetbrains.org.objectweb.asm.tree.MethodNode::visitLineNumber (21 bytes)
Event: 43.772 Thread 0x000001f5b7057e50 nmethod 6915 0x000001f5a038e310 code [0x000001f5a038e520, 0x000001f5a038ecc0]
Event: 43.773 Thread 0x000001f5b70548d0 6916       4       org.jetbrains.kotlin.codegen.optimization.common.FastAnalyzer::updateQueue (40 bytes)
Event: 43.775 Thread 0x000001f5b70548d0 nmethod 6916 0x000001f5a7029d10 code [0x000001f5a7029ea0, 0x000001f5a7029fe0]
Event: 43.775 Thread 0x000001f5b7057e50 6917       3       org.jetbrains.kotlin.codegen.optimization.fixStack.FixStackInterpreter::copyOperation (13 bytes)
Event: 43.775 Thread 0x000001f5b7057e50 nmethod 6917 0x000001f5a038ef90 code [0x000001f5a038f140, 0x000001f5a038f358]
Event: 43.775 Thread 0x000001f5b70548d0 6918       4       org.jetbrains.kotlin.codegen.optimization.common.InsnSequence$iterator$1::hasNext (23 bytes)
Event: 43.777 Thread 0x000001f5b70548d0 nmethod 6918 0x000001f5a702a110 code [0x000001f5a702a2a0, 0x000001f5a702a360]
Event: 43.777 Thread 0x000001f5b70548d0 6919       4       org.jetbrains.kotlin.codegen.optimization.common.InsnSequence$iterator$1::next (5 bytes)
Event: 43.779 Thread 0x000001f5b70548d0 nmethod 6919 0x000001f5a702a410 code [0x000001f5a702a5a0, 0x000001f5a702a730]
Event: 43.779 Thread 0x000001f5b7057e50 6920       3       org.jetbrains.org.objectweb.asm.tree.InsnList$InsnListIterator::<init> (92 bytes)
Event: 43.780 Thread 0x000001f5b7057e50 nmethod 6920 0x000001f5a038f410 code [0x000001f5a038f600, 0x000001f5a038fba0]
Event: 43.781 Thread 0x000001f5b70548d0 6921       4       org.jetbrains.kotlin.codegen.optimization.common.FastAnalyzer::analyzeInstruction (291 bytes)

GC Heap History (20 events):
Event: 21.049 GC heap before
{Heap before GC invocations=15 (full 0):
 garbage-first heap   total 38912K, used 33106K [0x0000000085400000, 0x0000000100000000)
  region size 1024K, 13 young (13312K), 2 survivors (2048K)
 Metaspace       used 51681K, committed 51968K, reserved 1114112K
  class space    used 6132K, committed 6272K, reserved 1048576K
}
Event: 21.061 GC heap after
{Heap after GC invocations=16 (full 0):
 garbage-first heap   total 38912K, used 22939K [0x0000000085400000, 0x0000000100000000)
  region size 1024K, 1 young (1024K), 1 survivors (1024K)
 Metaspace       used 51681K, committed 51968K, reserved 1114112K
  class space    used 6132K, committed 6272K, reserved 1048576K
}
Event: 21.071 GC heap before
{Heap before GC invocations=16 (full 0):
 garbage-first heap   total 38912K, used 23963K [0x0000000085400000, 0x0000000100000000)
  region size 1024K, 3 young (3072K), 1 survivors (1024K)
 Metaspace       used 51685K, committed 51968K, reserved 1114112K
  class space    used 6132K, committed 6272K, reserved 1048576K
}
Event: 21.076 GC heap after
{Heap after GC invocations=17 (full 0):
 garbage-first heap   total 38912K, used 23573K [0x0000000085400000, 0x0000000100000000)
  region size 1024K, 2 young (2048K), 2 survivors (2048K)
 Metaspace       used 51685K, committed 51968K, reserved 1114112K
  class space    used 6132K, committed 6272K, reserved 1048576K
}
Event: 21.296 GC heap before
{Heap before GC invocations=18 (full 0):
 garbage-first heap   total 40960K, used 32789K [0x0000000085400000, 0x0000000100000000)
  region size 1024K, 10 young (10240K), 2 survivors (2048K)
 Metaspace       used 51702K, committed 51968K, reserved 1114112K
  class space    used 6133K, committed 6272K, reserved 1048576K
}
Event: 21.307 GC heap after
{Heap after GC invocations=19 (full 0):
 garbage-first heap   total 40960K, used 27403K [0x0000000085400000, 0x0000000100000000)
  region size 1024K, 2 young (2048K), 2 survivors (2048K)
 Metaspace       used 51702K, committed 51968K, reserved 1114112K
  class space    used 6133K, committed 6272K, reserved 1048576K
}
Event: 21.440 GC heap before
{Heap before GC invocations=19 (full 0):
 garbage-first heap   total 40960K, used 34571K [0x0000000085400000, 0x0000000100000000)
  region size 1024K, 9 young (9216K), 2 survivors (2048K)
 Metaspace       used 51725K, committed 52032K, reserved 1114112K
  class space    used 6133K, committed 6272K, reserved 1048576K
}
Event: 21.452 GC heap after
{Heap after GC invocations=20 (full 0):
 garbage-first heap   total 40960K, used 30363K [0x0000000085400000, 0x0000000100000000)
  region size 1024K, 2 young (2048K), 2 survivors (2048K)
 Metaspace       used 51725K, committed 52032K, reserved 1114112K
  class space    used 6133K, committed 6272K, reserved 1048576K
}
Event: 21.592 GC heap before
{Heap before GC invocations=20 (full 0):
 garbage-first heap   total 40960K, used 35483K [0x0000000085400000, 0x0000000100000000)
  region size 1024K, 7 young (7168K), 2 survivors (2048K)
 Metaspace       used 51726K, committed 52032K, reserved 1114112K
  class space    used 6133K, committed 6272K, reserved 1048576K
}
Event: 21.600 GC heap after
{Heap after GC invocations=21 (full 0):
 garbage-first heap   total 40960K, used 32608K [0x0000000085400000, 0x0000000100000000)
  region size 1024K, 1 young (1024K), 1 survivors (1024K)
 Metaspace       used 51726K, committed 52032K, reserved 1114112K
  class space    used 6133K, committed 6272K, reserved 1048576K
}
Event: 21.799 GC heap before
{Heap before GC invocations=22 (full 0):
 garbage-first heap   total 55296K, used 35680K [0x0000000085400000, 0x0000000100000000)
  region size 1024K, 4 young (4096K), 1 survivors (1024K)
 Metaspace       used 51756K, committed 52032K, reserved 1114112K
  class space    used 6133K, committed 6272K, reserved 1048576K
}
Event: 21.805 GC heap after
{Heap after GC invocations=23 (full 0):
 garbage-first heap   total 55296K, used 34057K [0x0000000085400000, 0x0000000100000000)
  region size 1024K, 1 young (1024K), 1 survivors (1024K)
 Metaspace       used 51756K, committed 52032K, reserved 1114112K
  class space    used 6133K, committed 6272K, reserved 1048576K
}
Event: 22.607 GC heap before
{Heap before GC invocations=23 (full 0):
 garbage-first heap   total 55296K, used 44297K [0x0000000085400000, 0x0000000100000000)
  region size 1024K, 11 young (11264K), 1 survivors (1024K)
 Metaspace       used 52693K, committed 52992K, reserved 1114112K
  class space    used 6233K, committed 6336K, reserved 1048576K
}
Event: 22.620 GC heap after
{Heap after GC invocations=24 (full 0):
 garbage-first heap   total 55296K, used 36135K [0x0000000085400000, 0x0000000100000000)
  region size 1024K, 2 young (2048K), 2 survivors (2048K)
 Metaspace       used 52693K, committed 52992K, reserved 1114112K
  class space    used 6233K, committed 6336K, reserved 1048576K
}
Event: 23.126 GC heap before
{Heap before GC invocations=24 (full 0):
 garbage-first heap   total 55296K, used 44327K [0x0000000085400000, 0x0000000100000000)
  region size 1024K, 11 young (11264K), 2 survivors (2048K)
 Metaspace       used 53013K, committed 53312K, reserved 1114112K
  class space    used 6269K, committed 6400K, reserved 1048576K
}
Event: 23.139 GC heap after
{Heap after GC invocations=25 (full 0):
 garbage-first heap   total 114688K, used 38912K [0x0000000085400000, 0x0000000100000000)
  region size 1024K, 2 young (2048K), 2 survivors (2048K)
 Metaspace       used 53013K, committed 53312K, reserved 1114112K
  class space    used 6269K, committed 6400K, reserved 1048576K
}
Event: 29.039 GC heap before
{Heap before GC invocations=26 (full 0):
 garbage-first heap   total 114688K, used 79872K [0x0000000085400000, 0x0000000100000000)
  region size 1024K, 44 young (45056K), 2 survivors (2048K)
 Metaspace       used 59149K, committed 59456K, reserved 1114112K
  class space    used 6884K, committed 6976K, reserved 1048576K
}
Event: 29.070 GC heap after
{Heap after GC invocations=27 (full 0):
 garbage-first heap   total 114688K, used 44246K [0x0000000085400000, 0x0000000100000000)
  region size 1024K, 6 young (6144K), 6 survivors (6144K)
 Metaspace       used 59149K, committed 59456K, reserved 1114112K
  class space    used 6884K, committed 6976K, reserved 1048576K
}
Event: 32.311 GC heap before
{Heap before GC invocations=27 (full 0):
 garbage-first heap   total 114688K, used 84182K [0x0000000085400000, 0x0000000100000000)
  region size 1024K, 45 young (46080K), 6 survivors (6144K)
 Metaspace       used 68946K, committed 69312K, reserved 1114112K
  class space    used 7868K, committed 8000K, reserved 1048576K
}
Event: 32.343 GC heap after
{Heap after GC invocations=28 (full 0):
 garbage-first heap   total 114688K, used 48034K [0x0000000085400000, 0x0000000100000000)
  region size 1024K, 4 young (4096K), 4 survivors (4096K)
 Metaspace       used 68946K, committed 69312K, reserved 1114112K
  class space    used 7868K, committed 8000K, reserved 1048576K
}

Dll operation events (3 events):
Event: 0.178 Loaded shared library C:\Program Files\Android\Android Studio\jbr\bin\java.dll
Event: 0.350 Loaded shared library C:\Program Files\Android\Android Studio\jbr\bin\zip.dll
Event: 11.280 Loaded shared library C:\Program Files\Android\Android Studio\jbr\bin\verify.dll

Deoptimization events (20 events):
Event: 34.596 Thread 0x000001f599e7df30 Uncommon trap: trap_request=0xffffffbe fr.pc=0x000001f5a6ffdce8 relative=0x0000000000000228
Event: 34.596 Thread 0x000001f599e7df30 Uncommon trap: reason=profile_predicate action=maybe_recompile pc=0x000001f5a6ffdce8 method=org.jetbrains.kotlin.ir.util.TransformKt.transformInPlace([Lorg/jetbrains/kotlin/ir/IrElement;Lorg/jetbrains/kotlin/ir/visitors/IrElementTransformer;Ljava/lang/Obj
Event: 34.596 Thread 0x000001f599e7df30 DEOPT PACKING pc=0x000001f5a6ffdce8 sp=0x0000004e2b5fc520
Event: 34.596 Thread 0x000001f599e7df30 DEOPT UNPACKING pc=0x000001f5a67d46a2 sp=0x0000004e2b5fc4d8 mode 2
Event: 34.596 Thread 0x000001f599e7df30 Uncommon trap: trap_request=0xffffffbe fr.pc=0x000001f5a6ffdce8 relative=0x0000000000000228
Event: 34.596 Thread 0x000001f599e7df30 Uncommon trap: reason=profile_predicate action=maybe_recompile pc=0x000001f5a6ffdce8 method=org.jetbrains.kotlin.ir.util.TransformKt.transformInPlace([Lorg/jetbrains/kotlin/ir/IrElement;Lorg/jetbrains/kotlin/ir/visitors/IrElementTransformer;Ljava/lang/Obj
Event: 34.596 Thread 0x000001f599e7df30 DEOPT PACKING pc=0x000001f5a6ffdce8 sp=0x0000004e2b5fbd10
Event: 34.596 Thread 0x000001f599e7df30 DEOPT UNPACKING pc=0x000001f5a67d46a2 sp=0x0000004e2b5fbcc8 mode 2
Event: 34.970 Thread 0x000001f599e7df30 Uncommon trap: trap_request=0xffffffe5 fr.pc=0x000001f5a6ec2318 relative=0x0000000000000078
Event: 34.970 Thread 0x000001f599e7df30 Uncommon trap: reason=range_check action=reinterpret pc=0x000001f5a6ec2318 method=kotlin.collections.ArraysKt___ArraysKt.getOrNull([Ljava/lang/Object;I)Ljava/lang/Object; @ 8 c2
Event: 34.970 Thread 0x000001f599e7df30 DEOPT PACKING pc=0x000001f5a6ec2318 sp=0x0000004e2b5fa9f0
Event: 34.970 Thread 0x000001f599e7df30 DEOPT UNPACKING pc=0x000001f5a67d46a2 sp=0x0000004e2b5fa910 mode 2
Event: 34.970 Thread 0x000001f599e7df30 Uncommon trap: trap_request=0xffffffe5 fr.pc=0x000001f5a6eb79f4 relative=0x0000000000000054
Event: 34.970 Thread 0x000001f599e7df30 Uncommon trap: reason=range_check action=reinterpret pc=0x000001f5a6eb79f4 method=kotlin.collections.ArraysKt___ArraysKt.getOrNull([Ljava/lang/Object;I)Ljava/lang/Object; @ 8 c2
Event: 34.970 Thread 0x000001f599e7df30 DEOPT PACKING pc=0x000001f5a6eb79f4 sp=0x0000004e2b5fa970
Event: 34.970 Thread 0x000001f599e7df30 DEOPT UNPACKING pc=0x000001f5a67d46a2 sp=0x0000004e2b5fa908 mode 2
Event: 35.389 Thread 0x000001f599e7df30 Uncommon trap: trap_request=0xffffff45 fr.pc=0x000001f5a6df96f8 relative=0x00000000000002b8
Event: 35.389 Thread 0x000001f599e7df30 Uncommon trap: reason=unstable_if action=reinterpret pc=0x000001f5a6df96f8 method=java.lang.StringLatin1.indexOf([BI[BII)I @ 27 c2
Event: 35.389 Thread 0x000001f599e7df30 DEOPT PACKING pc=0x000001f5a6df96f8 sp=0x0000004e2b5fcb70
Event: 35.389 Thread 0x000001f599e7df30 DEOPT UNPACKING pc=0x000001f5a67d46a2 sp=0x0000004e2b5fcad0 mode 2

Classes loaded (20 events):
Event: 36.646 Loading class java/util/ArrayList$SubList$1
Event: 36.646 Loading class java/util/ArrayList$SubList$1 done
Event: 36.890 Loading class java/util/Vector$Itr
Event: 36.891 Loading class java/util/Vector$Itr done
Event: 37.289 Loading class java/util/Formatter
Event: 37.290 Loading class java/util/Formatter done
Event: 37.290 Loading class java/util/Formatter$FixedString
Event: 37.290 Loading class java/util/Formatter$FormatString
Event: 37.290 Loading class java/util/Formatter$FormatString done
Event: 37.290 Loading class java/util/Formatter$FixedString done
Event: 37.291 Loading class java/util/Formatter$Conversion
Event: 37.291 Loading class java/util/Formatter$Conversion done
Event: 37.291 Loading class java/util/Formatter$FormatSpecifier
Event: 37.292 Loading class java/util/Formatter$FormatSpecifier done
Event: 37.292 Loading class java/util/Formattable
Event: 37.292 Loading class java/util/Formattable done
Event: 37.292 Loading class java/util/Formatter$Flags
Event: 37.293 Loading class java/util/Formatter$Flags done
Event: 43.238 Loading class java/util/regex/Pattern$Dollar
Event: 43.238 Loading class java/util/regex/Pattern$Dollar done

Classes unloaded (0 events):
No events

Classes redefined (0 events):
No events

Internal exceptions (20 events):
Event: 24.335 Thread 0x000001f599e7df30 Exception <a 'java/lang/NoSuchMethodError'{0x000000008b882578}: 'java.lang.Object java.lang.invoke.Invokers$Holder.linkToTargetMethod(int, java.lang.Object, java.lang.Object, java.lang.Object, java.lang.Object)'> (0x000000008b882578) 
thrown [s\src\hotspot\share\interpreter\linkResolver.cpp, line 784]
Event: 27.638 Thread 0x000001f599e7df30 Implicit null exception at 0x000001f5a6eb6369 to 0x000001f5a6eb6504
Event: 27.680 Thread 0x000001f599e7df30 Implicit null exception at 0x000001f5a6df3e5a to 0x000001f5a6df3f70
Event: 28.435 Thread 0x000001f599e7df30 Exception <a 'java/lang/NoSuchMethodError'{0x0000000089c20dc0}: 'java.lang.Object java.lang.invoke.DirectMethodHandle$Holder.newInvokeSpecial(java.lang.Object, java.lang.Object, int, java.lang.Object, java.lang.Object, java.lang.Object)'> (0x0000000089c20dc0) 
thrown [s\src\hotspot\share\interpreter\linkResolver.cpp, line 784]
Event: 28.436 Thread 0x000001f599e7df30 Exception <a 'java/lang/NoSuchMethodError'{0x0000000089c24f40}: 'java.lang.Object java.lang.invoke.DirectMethodHandle$Holder.invokeSpecial(java.lang.Object, java.lang.Object, java.lang.Object, int, java.lang.Object, java.lang.Object, java.lang.Object)'> (0x0000000089c24f40) 
thrown [s\src\hotspot\share\interpreter\linkResolver.cpp, line 784]
Event: 28.436 Thread 0x000001f599e7df30 Exception <a 'java/lang/NoSuchMethodError'{0x0000000089c285b8}: 'java.lang.Object java.lang.invoke.Invokers$Holder.linkToTargetMethod(java.lang.Object, int, java.lang.Object, java.lang.Object, java.lang.Object, java.lang.Object)'> (0x0000000089c285b8) 
thrown [s\src\hotspot\share\interpreter\linkResolver.cpp, line 784]
Event: 29.262 Thread 0x000001f599e7df30 Implicit null exception at 0x000001f5a6d64ba0 to 0x000001f5a6d6525c
Event: 29.267 Thread 0x000001f599e7df30 Implicit null exception at 0x000001f5a6d5e1a0 to 0x000001f5a6d5e878
Event: 30.078 Thread 0x000001f599e7df30 Exception <a 'java/lang/NoSuchMethodError'{0x000000008b548078}: 'java.lang.Object java.lang.invoke.DirectMethodHandle$Holder.newInvokeSpecial(java.lang.Object, java.lang.Object, java.lang.Object, java.lang.Object, java.lang.Object, java.lang.Object, java.lang.Object, java.lang.Object, int)'> (0x000000008b548078) 
thrown [s\src\hotspot\share\interpreter\linkResolver.cpp, line 784]
Event: 30.079 Thread 0x000001f599e7df30 Exception <a 'java/lang/NoSuchMethodError'{0x000000008b54ce68}: 'java.lang.Object java.lang.invoke.DirectMethodHandle$Holder.invokeSpecial(java.lang.Object, java.lang.Object, java.lang.Object, java.lang.Object, java.lang.Object, java.lang.Object, java.lang.Object, java.lang.Object, java.lang.Object, int)'> (0x000000008b54ce68) 
thrown [s\src\hotspot\share\interpreter\linkResolver.cpp, line 784]
Event: 32.002 Thread 0x000001f599e7df30 Exception <a 'java/lang/NoSuchMethodError'{0x000000008a0e0510}: 'java.lang.Object java.lang.invoke.DirectMethodHandle$Holder.newInvokeSpecial(java.lang.Object, int, java.lang.Object, int)'> (0x000000008a0e0510) 
thrown [s\src\hotspot\share\interpreter\linkResolver.cpp, line 784]
Event: 32.003 Thread 0x000001f599e7df30 Exception <a 'java/lang/NoSuchMethodError'{0x000000008a0e42a0}: 'java.lang.Object java.lang.invoke.DirectMethodHandle$Holder.invokeSpecial(java.lang.Object, java.lang.Object, int, java.lang.Object, int)'> (0x000000008a0e42a0) 
thrown [s\src\hotspot\share\interpreter\linkResolver.cpp, line 784]
Event: 34.453 Thread 0x000001f599e7df30 Exception <a 'java/lang/NoSuchMethodError'{0x000000008b816788}: 'java.lang.Object java.lang.invoke.DirectMethodHandle$Holder.invokeStatic(java.lang.Object, java.lang.Object, int, java.lang.Object)'> (0x000000008b816788) 
thrown [s\src\hotspot\share\interpreter\linkResolver.cpp, line 784]
Event: 35.269 Thread 0x000001f599e7df30 Exception <a 'java/lang/NoSuchMethodError'{0x000000008b377328}: 'java.lang.Object java.lang.invoke.DirectMethodHandle$Holder.newInvokeSpecial(java.lang.Object, java.lang.Object, java.lang.Object, int, int, java.lang.Object)'> (0x000000008b377328) 
thrown [s\src\hotspot\share\interpreter\linkResolver.cpp, line 784]
Event: 36.420 Thread 0x000001f599e7df30 Exception <a 'java/lang/NoSuchMethodError'{0x000000008ac14b50}: 'java.lang.Object java.lang.invoke.DirectMethodHandle$Holder.invokeStatic(java.lang.Object, int, int)'> (0x000000008ac14b50) 
thrown [s\src\hotspot\share\interpreter\linkResolver.cpp, line 784]
Event: 37.159 Thread 0x000001f599e7df30 Exception <a 'java/lang/NoSuchMethodError'{0x000000008a87d050}: 'java.lang.Object java.lang.invoke.DirectMethodHandle$Holder.newInvokeSpecial(java.lang.Object, java.lang.Object, java.lang.Object, java.lang.Object, int, java.lang.Object)'> (0x000000008a87d050) 
thrown [s\src\hotspot\share\interpreter\linkResolver.cpp, line 784]
Event: 37.159 Thread 0x000001f599e7df30 Exception <a 'java/lang/NoSuchMethodError'{0x000000008a881928}: 'java.lang.Object java.lang.invoke.DirectMethodHandle$Holder.invokeSpecial(java.lang.Object, java.lang.Object, java.lang.Object, java.lang.Object, java.lang.Object, int, java.lang.Object)'> (0x000000008a881928) 
thrown [s\src\hotspot\share\interpreter\linkResolver.cpp, line 784]
Event: 37.160 Thread 0x000001f599e7df30 Exception <a 'java/lang/NoSuchMethodError'{0x000000008a8857b0}: 'java.lang.Object java.lang.invoke.Invokers$Holder.linkToTargetMethod(java.lang.Object, java.lang.Object, java.lang.Object, int, java.lang.Object, java.lang.Object)'> (0x000000008a8857b0) 
thrown [s\src\hotspot\share\interpreter\linkResolver.cpp, line 784]
Event: 37.416 Thread 0x000001f599e7df30 Exception <a 'java/lang/NoSuchMethodError'{0x000000008a76e490}: 'java.lang.Object java.lang.invoke.DirectMethodHandle$Holder.invokeStatic(java.lang.Object, java.lang.Object, java.lang.Object, java.lang.Object, int, java.lang.Object)'> (0x000000008a76e490) 
thrown [s\src\hotspot\share\interpreter\linkResolver.cpp, line 784]
Event: 40.545 Thread 0x000001f599e7df30 Exception <a 'java/lang/NoSuchMethodError'{0x000000008a30dc00}: 'java.lang.Object java.lang.invoke.DirectMethodHandle$Holder.invokeStatic(java.lang.Object, java.lang.Object, int, int)'> (0x000000008a30dc00) 
thrown [s\src\hotspot\share\interpreter\linkResolver.cpp, line 784]

ZGC Phase Switch (0 events):
No events

VM Operations (20 events):
Event: 35.428 Executing VM operation: HandshakeAllThreads (Deoptimize)
Event: 35.428 Executing VM operation: HandshakeAllThreads (Deoptimize) done
Event: 35.521 Executing VM operation: HandshakeAllThreads (Deoptimize)
Event: 35.521 Executing VM operation: HandshakeAllThreads (Deoptimize) done
Event: 36.253 Executing VM operation: HandshakeAllThreads (Deoptimize)
Event: 36.253 Executing VM operation: HandshakeAllThreads (Deoptimize) done
Event: 37.150 Executing VM operation: HandshakeAllThreads (Deoptimize)
Event: 37.150 Executing VM operation: HandshakeAllThreads (Deoptimize) done
Event: 37.150 Executing VM operation: Cleanup
Event: 37.150 Executing VM operation: Cleanup done
Event: 38.163 Executing VM operation: Cleanup
Event: 39.699 Executing VM operation: Cleanup done
Event: 40.624 Executing VM operation: HandshakeAllThreads (Deoptimize)
Event: 40.624 Executing VM operation: HandshakeAllThreads (Deoptimize) done
Event: 40.686 Executing VM operation: HandshakeAllThreads (Deoptimize)
Event: 40.686 Executing VM operation: HandshakeAllThreads (Deoptimize) done
Event: 41.697 Executing VM operation: Cleanup
Event: 41.771 Executing VM operation: Cleanup done
Event: 42.790 Executing VM operation: Cleanup
Event: 43.210 Executing VM operation: Cleanup done

Memory protections (0 events):
No events

Nmethod flushes (20 events):
Event: 23.260 Thread 0x000001f5b2db02a0 flushing  nmethod 0x000001f59f52f310
Event: 23.260 Thread 0x000001f5b2db02a0 flushing  nmethod 0x000001f59f52f890
Event: 23.260 Thread 0x000001f5b2db02a0 flushing  nmethod 0x000001f59f53f290
Event: 23.260 Thread 0x000001f5b2db02a0 flushing  nmethod 0x000001f59f543710
Event: 23.260 Thread 0x000001f5b2db02a0 flushing  nmethod 0x000001f59f54be10
Event: 23.260 Thread 0x000001f5b2db02a0 flushing  nmethod 0x000001f59f54db90
Event: 23.260 Thread 0x000001f5b2db02a0 flushing  nmethod 0x000001f59f687f90
Event: 23.260 Thread 0x000001f5b2db02a0 flushing osr nmethod 0x000001f59f34d610
Event: 23.260 Thread 0x000001f5b2db02a0 flushing  nmethod 0x000001f59f3c6210
Event: 23.260 Thread 0x000001f5b2db02a0 flushing  nmethod 0x000001f59f40bf10
Event: 23.260 Thread 0x000001f5b2db02a0 flushing  nmethod 0x000001f59f451890
Event: 23.260 Thread 0x000001f5b2db02a0 flushing  nmethod 0x000001f59f451d90
Event: 23.260 Thread 0x000001f5b2db02a0 flushing  nmethod 0x000001f59f4acc10
Event: 23.260 Thread 0x000001f5b2db02a0 flushing  nmethod 0x000001f59f4b3290
Event: 23.260 Thread 0x000001f5b2db02a0 flushing  nmethod 0x000001f59f524d10
Event: 23.260 Thread 0x000001f5b2db02a0 flushing  nmethod 0x000001f59f526390
Event: 23.260 Thread 0x000001f5b2db02a0 flushing  nmethod 0x000001f59f539410
Event: 23.260 Thread 0x000001f5b2db02a0 flushing  nmethod 0x000001f59f552110
Event: 23.260 Thread 0x000001f5b2db02a0 flushing  nmethod 0x000001f59f66da10
Event: 23.260 Thread 0x000001f5b2db02a0 flushing  nmethod 0x000001f59f66f190

Events (19 events):
Event: 0.186 Thread 0x000001f599e7df30 Thread added: 0x000001f599e7df30
Event: 0.634 Thread 0x000001f599e7df30 Thread added: 0x000001f5b700b8f0
Event: 0.739 Thread 0x000001f599e7df30 Thread added: 0x000001f5b703e510
Event: 0.739 Thread 0x000001f599e7df30 Thread added: 0x000001f5b703ef70
Event: 0.741 Thread 0x000001f599e7df30 Thread added: 0x000001f5b703faf0
Event: 0.741 Thread 0x000001f599e7df30 Thread added: 0x000001f5b7040550
Event: 0.742 Thread 0x000001f599e7df30 Thread added: 0x000001f5b70510d0
Event: 0.742 Thread 0x000001f599e7df30 Thread added: 0x000001f5b7051b30
Event: 0.742 Thread 0x000001f599e7df30 Thread added: 0x000001f5b70548d0
Event: 0.823 Thread 0x000001f599e7df30 Thread added: 0x000001f5b7057e50
Event: 1.155 Thread 0x000001f599e7df30 Thread added: 0x000001f5b71584f0
Event: 1.611 Loaded shared library C:\Program Files\Android\Android Studio\jbr\bin\net.dll
Event: 1.616 Loaded shared library C:\Program Files\Android\Android Studio\jbr\bin\nio.dll
Event: 2.993 Loaded shared library C:\Program Files\Android\Android Studio\jbr\bin\zip.dll
Event: 3.635 Loaded shared library C:\Program Files\Android\Android Studio\jbr\bin\jimage.dll
Event: 21.214 Thread 0x000001f5b7057e50 Thread added: 0x000001f5b8938fc0
Event: 21.761 Thread 0x000001f5b8938fc0 Thread exited: 0x000001f5b8938fc0
Event: 24.014 Thread 0x000001f5b7057e50 Thread added: 0x000001f5b9425040
Event: 24.475 Thread 0x000001f5b9425040 Thread exited: 0x000001f5b9425040


Dynamic libraries:
0x00007ff7ecb00000 - 0x00007ff7ecb0a000 	C:\Program Files\Android\Android Studio\jbr\bin\java.exe
0x00007ff8e4330000 - 0x00007ff8e4528000 	C:\WINDOWS\SYSTEM32\ntdll.dll
0x00007ff8e3c50000 - 0x00007ff8e3d12000 	C:\WINDOWS\System32\KERNEL32.DLL
0x00007ff8e1d00000 - 0x00007ff8e1ff6000 	C:\WINDOWS\System32\KERNELBASE.dll
0x00007ff8e19f0000 - 0x00007ff8e1af0000 	C:\WINDOWS\System32\ucrtbase.dll
0x00007ff8db680000 - 0x00007ff8db698000 	C:\Program Files\Android\Android Studio\jbr\bin\jli.dll
0x00007ff8e27c0000 - 0x00007ff8e2961000 	C:\WINDOWS\System32\USER32.dll
0x00007ff8e2320000 - 0x00007ff8e2342000 	C:\WINDOWS\System32\win32u.dll
0x00007ff8e2b70000 - 0x00007ff8e2b9b000 	C:\WINDOWS\System32\GDI32.dll
0x00007ff8e1af0000 - 0x00007ff8e1c09000 	C:\WINDOWS\System32\gdi32full.dll
0x00007ff8e1c60000 - 0x00007ff8e1cfd000 	C:\WINDOWS\System32\msvcp_win.dll
0x00007ff8db660000 - 0x00007ff8db67b000 	C:\Program Files\Android\Android Studio\jbr\bin\VCRUNTIME140.dll
0x00007ff8d7280000 - 0x00007ff8d751b000 	C:\WINDOWS\WinSxS\amd64_microsoft.windows.common-controls_6595b64144ccf1df_6.0.19041.6456_none_60b8a6cb71f64256\COMCTL32.dll
0x00007ff8e3de0000 - 0x00007ff8e3e7e000 	C:\WINDOWS\System32\msvcrt.dll
0x00007ff8e2970000 - 0x00007ff8e299f000 	C:\WINDOWS\System32\IMM32.DLL
0x00007ff8db3e0000 - 0x00007ff8db3ec000 	C:\Program Files\Android\Android Studio\jbr\bin\vcruntime140_1.dll
0x00007ff8d27a0000 - 0x00007ff8d282d000 	C:\Program Files\Android\Android Studio\jbr\bin\msvcp140.dll
0x00007ff8809e0000 - 0x00007ff881676000 	C:\Program Files\Android\Android Studio\jbr\bin\server\jvm.dll
0x00007ff8e3d20000 - 0x00007ff8e3dd1000 	C:\WINDOWS\System32\ADVAPI32.dll
0x00007ff8e2e50000 - 0x00007ff8e2eef000 	C:\WINDOWS\System32\sechost.dll
0x00007ff8e4140000 - 0x00007ff8e4260000 	C:\WINDOWS\System32\RPCRT4.dll
0x00007ff8e19c0000 - 0x00007ff8e19e7000 	C:\WINDOWS\System32\bcrypt.dll
0x00007ff8e2ba0000 - 0x00007ff8e2c0b000 	C:\WINDOWS\System32\WS2_32.dll
0x00007ff8e1770000 - 0x00007ff8e17bb000 	C:\WINDOWS\SYSTEM32\POWRPROF.dll
0x00007ff8dbe90000 - 0x00007ff8dbeb7000 	C:\WINDOWS\SYSTEM32\WINMM.dll
0x00007ff8dbec0000 - 0x00007ff8dbeca000 	C:\WINDOWS\SYSTEM32\VERSION.dll
0x00007ff8e1750000 - 0x00007ff8e1762000 	C:\WINDOWS\SYSTEM32\UMPDC.dll
0x00007ff8df830000 - 0x00007ff8df842000 	C:\WINDOWS\SYSTEM32\kernel.appcore.dll
0x00007ff8db3d0000 - 0x00007ff8db3da000 	C:\Program Files\Android\Android Studio\jbr\bin\jimage.dll
0x00007ff8dc090000 - 0x00007ff8dc291000 	C:\WINDOWS\SYSTEM32\DBGHELP.DLL
0x00007ff8dbe50000 - 0x00007ff8dbe84000 	C:\WINDOWS\SYSTEM32\dbgcore.DLL
0x00007ff8e2000000 - 0x00007ff8e2082000 	C:\WINDOWS\System32\bcryptPrimitives.dll
0x00007ff8db3b0000 - 0x00007ff8db3d0000 	C:\Program Files\Android\Android Studio\jbr\bin\java.dll
0x00007ff8d71b0000 - 0x00007ff8d71c8000 	C:\Program Files\Android\Android Studio\jbr\bin\zip.dll
0x00007ff8e34e0000 - 0x00007ff8e3c50000 	C:\WINDOWS\System32\SHELL32.dll
0x00007ff8dfa30000 - 0x00007ff8e01d5000 	C:\WINDOWS\SYSTEM32\windows.storage.dll
0x00007ff8e2ef0000 - 0x00007ff8e3244000 	C:\WINDOWS\System32\combase.dll
0x00007ff8e1310000 - 0x00007ff8e133b000 	C:\WINDOWS\SYSTEM32\Wldp.dll
0x00007ff8e2d80000 - 0x00007ff8e2e4d000 	C:\WINDOWS\System32\OLEAUT32.dll
0x00007ff8e2c10000 - 0x00007ff8e2cbd000 	C:\WINDOWS\System32\SHCORE.dll
0x00007ff8e4260000 - 0x00007ff8e42bb000 	C:\WINDOWS\System32\shlwapi.dll
0x00007ff8e18f0000 - 0x00007ff8e1914000 	C:\WINDOWS\SYSTEM32\profapi.dll
0x00007ff8d7160000 - 0x00007ff8d7170000 	C:\Program Files\Android\Android Studio\jbr\bin\net.dll
0x00007ff8d8ff0000 - 0x00007ff8d90fa000 	C:\WINDOWS\SYSTEM32\WINHTTP.dll
0x00007ff8e1070000 - 0x00007ff8e10da000 	C:\WINDOWS\system32\mswsock.dll
0x00007ff8d7070000 - 0x00007ff8d7086000 	C:\Program Files\Android\Android Studio\jbr\bin\nio.dll
0x00007ff8d7150000 - 0x00007ff8d7160000 	C:\Program Files\Android\Android Studio\jbr\bin\verify.dll

JVMTI agents: none

dbghelp: loaded successfully - version: 4.0.5 - missing functions: none
symbol engine: initialized successfully - sym options: 0x614 - pdb path: .;C:\Program Files\Android\Android Studio\jbr\bin;C:\WINDOWS\SYSTEM32;C:\WINDOWS\WinSxS\amd64_microsoft.windows.common-controls_6595b64144ccf1df_6.0.19041.6456_none_60b8a6cb71f64256;C:\Program Files\Android\Android Studio\jbr\bin\server

VM Arguments:
java_command: org.jetbrains.kotlin.cli.jvm.K2JVMCompiler @D:\Flutter\cms\build\network_info_plus\20260127_12778618498037724919.compiler.options
java_class_path (initial): C:\Users\Computer care\.gradle\caches\modules-2\files-2.1\org.jetbrains.kotlin\kotlin-compiler-embeddable\2.1.0\988bf980588bbbcfa1ba19c1ffd7aa869b335a31\kotlin-compiler-embeddable-2.1.0.jar;C:\Users\Computer care\.gradle\caches\modules-2\files-2.1\org.jetbrains.kotlin\kotlin-stdlib\2.1.0\85f8b81009cda5890e54ba67d64b5e599c645020\kotlin-stdlib-2.1.0.jar;C:\Users\Computer care\.gradle\caches\modules-2\files-2.1\org.jetbrains.kotlin\kotlin-script-runtime\2.1.0\5909da8c57b75a117714ab0e348c86101b7a3284\kotlin-script-runtime-2.1.0.jar;C:\Users\Computer care\.gradle\caches\modules-2\files-2.1\org.jetbrains.kotlin\kotlin-reflect\1.6.10\1cbe9c92c12a94eea200d23c2bbaedaf3daf5132\kotlin-reflect-1.6.10.jar;C:\Users\Computer care\.gradle\caches\modules-2\files-2.1\org.jetbrains.kotlin\kotlin-daemon-embeddable\2.1.0\420bae1908e4a353f5b56c3c850d24d86367b25d\kotlin-daemon-embeddable-2.1.0.jar;C:\Users\Computer care\.gradle\caches\modules-2\files-2.1\org.jetbrains.intellij.deps\trove4j\1.0.20200330\3afb14d5f9ceb459d724e907a21145e8ff394f02\trove4j-1.0.20200330.jar;C:\Users\Computer care\.gradle\caches\modules-2\files-2.1\org.jetbrains.kotlinx\kotlinx-coroutines-core-jvm\1.6.4\2c997cd1c0ef33f3e751d3831929aeff1390cb30\kotlinx-coroutines-core-jvm-1.6.4.jar;C:\Users\Computer care\.gradle\caches\modules-2\files-2.1\org.jetbrains\annotations\13.0\919f0dfe192fb4e063e7dacadee7f8bb9a2672a9\annotations-13.0.jar
Launcher Type: SUN_STANDARD

[Global flags]
     intx CICompilerCount                          = 3                                         {product} {ergonomic}
     uint ConcGCThreads                            = 1                                         {product} {ergonomic}
     uint G1ConcRefinementThreads                  = 4                                         {product} {ergonomic}
   size_t G1HeapRegionSize                         = 1048576                                   {product} {ergonomic}
    uintx GCDrainStackTargetSize                   = 64                                        {product} {ergonomic}
   size_t InitialHeapSize                          = 130023424                                 {product} {ergonomic}
   size_t MarkStackSize                            = 4194304                                   {product} {ergonomic}
   size_t MaxHeapSize                              = 2059403264                                {product} {ergonomic}
   size_t MaxNewSize                               = 1235222528                                {product} {ergonomic}
   size_t MinHeapDeltaBytes                        = 1048576                                   {product} {ergonomic}
   size_t MinHeapSize                              = 8388608                                   {product} {ergonomic}
    uintx NonNMethodCodeHeapSize                   = 5832780                                {pd product} {ergonomic}
    uintx NonProfiledCodeHeapSize                  = 122912730                              {pd product} {ergonomic}
    uintx ProfiledCodeHeapSize                     = 122912730                              {pd product} {ergonomic}
    uintx ReservedCodeCacheSize                    = 251658240                              {pd product} {ergonomic}
     bool SegmentedCodeCache                       = true                                      {product} {ergonomic}
   size_t SoftMaxHeapSize                          = 2059403264                             {manageable} {ergonomic}
     bool UseCompressedOops                        = true                           {product lp64_product} {ergonomic}
     bool UseG1GC                                  = true                                      {product} {ergonomic}
     bool UseLargePagesIndividualAllocation        = false                                  {pd product} {ergonomic}

Logging:
Log output configuration:
 #0: stdout all=warning uptime,level,tags foldmultilines=false
 #1: stderr all=off uptime,level,tags foldmultilines=false

Environment Variables:
JAVA_HOME=C:\Program Files\Android\Android Studio\jbr
CLASSPATH=D:\Flutter\cms\android\\gradle\wrapper\gradle-wrapper.jar
PATH=C:\Program Files\Android\Android Studio\jbr\bin;C:\Program Files\Common Files\Oracle\Java\javapath;C:\WINDOWS\system32;C:\WINDOWS;C:\WINDOWS\System32\Wbem;C:\WINDOWS\System32\WindowsPowerShell\v1.0\;C:\WINDOWS\System32\OpenSSH\;C:\flutter\flutter\bin;C:\Users\Computer care\AppData\Local\Android\Sdk;C:\Program Files\dotnet\;D:\Git\cmd;D:\nodejs\;C:\Users\Computer care\AppData\Local\Pub\Cache\bin;C:\Gradle\gradle-8.12;%GRADLE_HOME%\bin;C:\Program Files\Java\jdk-17;%JAVA_HOME%\bin;C:\Users\Computer care\AppData\Local\Microsoft\WindowsApps;C:\Users\Computer care\AppData\Local\Programs\Microsoft VS Code\bin;C:\Users\Computer care\AppData\Roaming\npm;D:\Antigravity\bin;C:\flutter\flutter\bin\mingit\cmd
USERNAME=Computer care
OS=Windows_NT
PROCESSOR_IDENTIFIER=Intel64 Family 6 Model 78 Stepping 3, GenuineIntel
TMP=C:\Users\COMPUT~1\AppData\Local\Temp
TEMP=C:\Users\COMPUT~1\AppData\Local\Temp




Periodic native trim disabled

JNI global refs:
JNI global refs: 9, weak refs: 0

JNI global refs memory usage: 835, weak refs: 833

Process memory usage:
Resident Set Size: 280876K (3% of 8043048K total physical memory with 483896K free physical memory)

OOME stack traces (most recent first):
Classloader memory used:
Loader jdk.internal.loader.ClassLoaders$AppClassLoader                                 : 67475K
Loader bootstrap                                                                       : 10994K

---------------  S Y S T E M  ---------------

OS:
 Windows 10 , 64 bit Build 19041 (10.0.19041.5915)
OS uptime: 14 days 21:16 hours

CPU: total 4 (initial active 4) (2 cores per cpu, 2 threads per core) family 6 model 78 stepping 3 microcode 0xf0, cx8, cmov, fxsr, ht, mmx, 3dnowpref, sse, sse2, sse3, ssse3, sse4.1, sse4.2, popcnt, lzcnt, tsc, tscinvbit, avx, avx2, aes, erms, clmul, bmi1, bmi2, rtm, adx, fma, vzeroupper, clflush, clflushopt, rdtscp, f16c
Processor Information for the first 4 processors :
  Max Mhz: 2201, Current Mhz: 2201, Mhz Limit: 2201

Memory: 4k page, system-wide physical 7854M (461M free)
TotalPageFile size 19832M (AvailPageFile size 0M)
current process WorkingSet (physical memory assigned to process): 274M, peak: 283M
current process commit charge ("private bytes"): 316M, peak: 323M

vm_info: OpenJDK 64-Bit Server VM (21.0.8+-14018985-b1038.68) for windows-amd64 JRE (21.0.8+-14018985-b1038.68), built on 2025-08-29T19:56:34Z by "builder" with MS VC++ 16.10 / 16.11 (VS2019)

END.
