#
# There is insufficient memory for the Java Runtime Environment to continue.
# Native memory allocation (mmap) failed to map 3145728 bytes. Error detail: G1 virtual space
# Possible reasons:
#   The system is out of physical RAM or swap space
#   This process is running with CompressedOops enabled, and the Java Heap may be blocking the growth of the native heap
# Possible solutions:
#   Reduce memory load on the system
#   Increase physical memory or swap space
#   Check if swap backing store is full
#   Decrease Java heap size (-Xmx/-Xms)
#   Decrease number of Java threads
#   Decrease Java thread stack sizes (-Xss)
#   Set larger code cache with -XX:ReservedCodeCacheSize=
#   JVM is running with Unscaled Compressed Oops mode in which the Java heap is
#     placed in the first 4GB address space. The Java Heap base address is the
#     maximum limit for the native heap growth. Please use -XX:HeapBaseMinAddress
#     to set the Java Heap base and to place the Java Heap above 4GB virtual address.
# This output file may be truncated or incomplete.
#
#  Out of Memory Error (os_windows.cpp:3925), pid=2228, tid=19712
#
# JRE version: OpenJDK Runtime Environment (21.0.8) (build 21.0.8+-14018985-b1038.68)
# Java VM: OpenJDK 64-Bit Server VM (21.0.8+-14018985-b1038.68, mixed mode, tiered, compressed oops, compressed class ptrs, g1 gc, windows-amd64)
# No core dump will be written. Minidumps are not enabled by default on client versions of Windows
#

---------------  S U M M A R Y ------------

Command Line: org.jetbrains.kotlin.cli.jvm.K2JVMCompiler @D:\Flutter\cms\build\device_info_plus\20260127_60317046720189314.compiler.options

Host: Intel(R) Core(TM) i7-6650U CPU @ 2.20GHz, 4 cores, 7G,  Windows 10 , 64 bit Build 19041 (10.0.19041.5915)
Time: Tue Jan 27 21:03:47 2026 Pakistan Standard Time elapsed time: 42.503338 seconds (0d 0h 0m 42s)

---------------  T H R E A D  ---------------

Current thread (0x000001bb69973ca0):  VMThread "VM Thread"          [id=19712, stack(0x0000001f09600000,0x0000001f09700000) (1024K)]

Stack: [0x0000001f09600000,0x0000001f09700000]
Native frames: (J=compiled Java code, j=interpreted, Vv=VM code, C=native code)
V  [jvm.dll+0x6d68d9]
V  [jvm.dll+0x866693]
V  [jvm.dll+0x868c4e]
V  [jvm.dll+0x869333]
V  [jvm.dll+0x280566]
V  [jvm.dll+0x6d3195]
V  [jvm.dll+0x6c69ea]
V  [jvm.dll+0x3586db]
V  [jvm.dll+0x360336]
V  [jvm.dll+0x3b23f6]
V  [jvm.dll+0x3b26c8]
V  [jvm.dll+0x32ae6c]
V  [jvm.dll+0x32d806]
V  [jvm.dll+0x3376dd]
V  [jvm.dll+0x36ee15]
V  [jvm.dll+0x86f0b8]
V  [jvm.dll+0x870434]
V  [jvm.dll+0x870970]
V  [jvm.dll+0x870c03]
V  [jvm.dll+0x80eac8]
V  [jvm.dll+0x6d512d]
C  [ucrtbase.dll+0x21bb2]
C  [KERNEL32.DLL+0x17374]
C  [ntdll.dll+0x4cc91]

VM_Operation (0x0000001f091ff3f0): G1PauseRemark, mode: safepoint, requested by thread 0x000001bb52d40970


---------------  P R O C E S S  ---------------

Threads class SMR info:
_java_thread_list=0x000001bb71435e80, length=11, elements={
0x000001bb50aadf20, 0x000001bb69b3cd70, 0x000001bb69b4c4b0, 0x000001bb69b5f0a0,
0x000001bb69b5fb00, 0x000001bb69b60560, 0x000001bb69b60fc0, 0x000001bb69b61a20,
0x000001bb69b647c0, 0x000001bb69b67a10, 0x000001bb69cfce60
}

Java Threads: ( => current thread )
  0x000001bb50aadf20 JavaThread "main"                              [_thread_blocked, id=16912, stack(0x0000001f08e00000,0x0000001f08f00000) (1024K)]
  0x000001bb69b3cd70 JavaThread "Common-Cleaner"             daemon [_thread_blocked, id=1316, stack(0x0000001f09700000,0x0000001f09800000) (1024K)]
  0x000001bb69b4c4b0 JavaThread "Reference Handler"          daemon [_thread_blocked, id=11796, stack(0x0000001f09800000,0x0000001f09900000) (1024K)]
  0x000001bb69b5f0a0 JavaThread "Finalizer"                  daemon [_thread_blocked, id=19484, stack(0x0000001f09900000,0x0000001f09a00000) (1024K)]
  0x000001bb69b5fb00 JavaThread "Signal Dispatcher"          daemon [_thread_blocked, id=20632, stack(0x0000001f09a00000,0x0000001f09b00000) (1024K)]
  0x000001bb69b60560 JavaThread "Attach Listener"            daemon [_thread_blocked, id=2840, stack(0x0000001f09b00000,0x0000001f09c00000) (1024K)]
  0x000001bb69b60fc0 JavaThread "Service Thread"             daemon [_thread_blocked, id=9264, stack(0x0000001f09c00000,0x0000001f09d00000) (1024K)]
  0x000001bb69b61a20 JavaThread "Monitor Deflation Thread"   daemon [_thread_blocked, id=20500, stack(0x0000001f09d00000,0x0000001f09e00000) (1024K)]
  0x000001bb69b647c0 JavaThread "C2 CompilerThread0"         daemon [_thread_blocked, id=15572, stack(0x0000001f09e00000,0x0000001f09f00000) (1024K)]
  0x000001bb69b67a10 JavaThread "C1 CompilerThread0"         daemon [_thread_blocked, id=9084, stack(0x0000001f09f00000,0x0000001f0a000000) (1024K)]
  0x000001bb69cfce60 JavaThread "Notification Thread"        daemon [_thread_blocked, id=4368, stack(0x0000001f0a000000,0x0000001f0a100000) (1024K)]
Total: 11

Other Threads:
=>0x000001bb69973ca0 VMThread "VM Thread"                           [id=19712, stack(0x0000001f09600000,0x0000001f09700000) (1024K)]
  0x000001bb69927d30 WatcherThread "VM Periodic Task Thread"        [id=18604, stack(0x0000001f09500000,0x0000001f09600000) (1024K)]
  0x000001bb52d30410 WorkerThread "GC Thread#0"                     [id=18152, stack(0x0000001f09000000,0x0000001f09100000) (1024K)]
  0x000001bb69e8ddc0 WorkerThread "GC Thread#1"                     [id=9180, stack(0x0000001f0a100000,0x0000001f0a200000) (1024K)]
  0x000001bb6e33ec60 WorkerThread "GC Thread#2"                     [id=12108, stack(0x0000001f0a200000,0x0000001f0a300000) (1024K)]
  0x000001bb6e34a030 WorkerThread "GC Thread#3"                     [id=13900, stack(0x0000001f0a300000,0x0000001f0a400000) (1024K)]
  0x000001bb52d40970 ConcurrentGCThread "G1 Main Marker"            [id=21448, stack(0x0000001f09100000,0x0000001f09200000) (1024K)]
  0x000001bb52d41470 WorkerThread "G1 Conc#0"                       [id=10600, stack(0x0000001f09200000,0x0000001f09300000) (1024K)]
  0x000001bb52da6660 ConcurrentGCThread "G1 Refine#0"               [id=18880, stack(0x0000001f09300000,0x0000001f09400000) (1024K)]
  0x000001bb69802720 ConcurrentGCThread "G1 Service"                [id=7560, stack(0x0000001f09400000,0x0000001f09500000) (1024K)]
Total: 10

Threads with active compile tasks:
Total: 0

VM state: at safepoint (normal execution)

VM Mutex/Monitor currently owned by a thread:  ([mutex/lock_event])
[0x00007ff8815985b8] Threads_lock - owner thread: 0x000001bb69973ca0
[0x00007ff8815986b8] Heap_lock - owner thread: 0x000001bb52d40970

Heap address: 0x0000000085400000, size: 1964 MB, Compressed Oops mode: 32-bit

CDS archive(s) not mapped
Compressed class space mapped at: 0x0000000100000000-0x0000000140000000, reserved size: 1073741824
Narrow klass base: 0x0000000000000000, Narrow klass shift: 3, Narrow klass range: 0x140000000

GC Precious Log:
 CardTable entry size: 512
 Card Set container configuration: InlinePtr #cards 5 size 8 Array Of Cards #cards 12 size 40 Howl #buckets 4 coarsen threshold 1843 Howl Bitmap #cards 512 size 80 coarsen threshold 460 Card regions per heap region 1 cards per card region 2048
 CPUs: 4 total, 4 available
 Memory: 7854M
 Large Page Support: Disabled
 NUMA Support: Disabled
 Compressed Oops: Enabled (32-bit)
 Heap Region Size: 1M
 Heap Min Capacity: 8M
 Heap Initial Capacity: 124M
 Heap Max Capacity: 1964M
 Pre-touch: Disabled
 Parallel Workers: 4
 Concurrent Workers: 1
 Concurrent Refinement Workers: 4
 Periodic GC: Disabled

Heap:
 garbage-first heap   total 73728K, used 46080K [0x0000000085400000, 0x0000000100000000)
  region size 1024K, 4 young (4096K), 3 survivors (3072K)
 Metaspace       used 67902K, committed 68160K, reserved 1114112K
  class space    used 7707K, committed 7808K, reserved 1048576K

Heap Regions: E=young(eden), S=young(survivor), O=old, HS=humongous(starts), HC=humongous(continues), CS=collection set, F=free, TAMS=top-at-mark-start, PB=parsable bottom
|   0|0x0000000085400000, 0x0000000085500000, 0x0000000085500000|100%|HS|  |TAMS 0x0000000085500000| PB 0x0000000085400000| Complete 
|   1|0x0000000085500000, 0x0000000085600000, 0x0000000085600000|100%|HC|  |TAMS 0x0000000085600000| PB 0x0000000085500000| Complete 
|   2|0x0000000085600000, 0x0000000085700000, 0x0000000085700000|100%|HC|  |TAMS 0x0000000085700000| PB 0x0000000085600000| Complete 
|   3|0x0000000085700000, 0x0000000085800000, 0x0000000085800000|100%|HC|  |TAMS 0x0000000085800000| PB 0x0000000085700000| Complete 
|   4|0x0000000085800000, 0x0000000085900000, 0x0000000085900000|100%| O|  |TAMS 0x0000000085900000| PB 0x0000000085900000| Untracked 
|   5|0x0000000085900000, 0x0000000085a00000, 0x0000000085a00000|100%| O|  |TAMS 0x0000000085a00000| PB 0x0000000085a00000| Untracked 
|   6|0x0000000085a00000, 0x0000000085b00000, 0x0000000085b00000|100%| O|  |TAMS 0x0000000085b00000| PB 0x0000000085b00000| Updating 
|   7|0x0000000085b00000, 0x0000000085c00000, 0x0000000085c00000|100%| O|  |TAMS 0x0000000085c00000| PB 0x0000000085c00000| Untracked 
|   8|0x0000000085c00000, 0x0000000085d00000, 0x0000000085d00000|100%| O|  |TAMS 0x0000000085d00000| PB 0x0000000085d00000| Untracked 
|   9|0x0000000085d00000, 0x0000000085e00000, 0x0000000085e00000|100%| O|  |TAMS 0x0000000085e00000| PB 0x0000000085e00000| Untracked 
|  10|0x0000000085e00000, 0x0000000085f00000, 0x0000000085f00000|100%| O|  |TAMS 0x0000000085f00000| PB 0x0000000085f00000| Untracked 
|  11|0x0000000085f00000, 0x0000000086000000, 0x0000000086000000|100%| O|  |TAMS 0x0000000086000000| PB 0x0000000086000000| Untracked 
|  12|0x0000000086000000, 0x0000000086100000, 0x0000000086100000|100%| O|  |TAMS 0x0000000086100000| PB 0x0000000086100000| Untracked 
|  13|0x0000000086100000, 0x0000000086200000, 0x0000000086200000|100%| O|  |TAMS 0x0000000086200000| PB 0x0000000086200000| Untracked 
|  14|0x0000000086200000, 0x0000000086300000, 0x0000000086300000|100%| O|  |TAMS 0x0000000086300000| PB 0x0000000086300000| Untracked 
|  15|0x0000000086300000, 0x0000000086400000, 0x0000000086400000|100%| O|  |TAMS 0x0000000086400000| PB 0x0000000086400000| Untracked 
|  16|0x0000000086400000, 0x0000000086500000, 0x0000000086500000|100%| O|  |TAMS 0x0000000086500000| PB 0x0000000086500000| Untracked 
|  17|0x0000000086500000, 0x0000000086600000, 0x0000000086600000|100%| O|  |TAMS 0x0000000086600000| PB 0x0000000086600000| Untracked 
|  18|0x0000000086600000, 0x0000000086700000, 0x0000000086700000|100%| O|  |TAMS 0x0000000086700000| PB 0x0000000086700000| Untracked 
|  19|0x0000000086700000, 0x0000000086800000, 0x0000000086800000|100%| O|  |TAMS 0x0000000086800000| PB 0x0000000086800000| Untracked 
|  20|0x0000000086800000, 0x0000000086900000, 0x0000000086900000|100%| O|  |TAMS 0x0000000086900000| PB 0x0000000086900000| Untracked 
|  21|0x0000000086900000, 0x0000000086a00000, 0x0000000086a00000|100%| O|  |TAMS 0x0000000086a00000| PB 0x0000000086a00000| Untracked 
|  22|0x0000000086a00000, 0x0000000086b00000, 0x0000000086b00000|100%| O|  |TAMS 0x0000000086b00000| PB 0x0000000086b00000| Untracked 
|  23|0x0000000086b00000, 0x0000000086c00000, 0x0000000086c00000|100%| O|  |TAMS 0x0000000086c00000| PB 0x0000000086c00000| Untracked 
|  24|0x0000000086c00000, 0x0000000086d00000, 0x0000000086d00000|100%| O|  |TAMS 0x0000000086d00000| PB 0x0000000086d00000| Untracked 
|  25|0x0000000086d00000, 0x0000000086e00000, 0x0000000086e00000|100%| O|  |TAMS 0x0000000086e00000| PB 0x0000000086e00000| Updating 
|  26|0x0000000086e00000, 0x0000000086f00000, 0x0000000086f00000|100%| O|  |TAMS 0x0000000086f00000| PB 0x0000000086f00000| Untracked 
|  27|0x0000000086f00000, 0x0000000086f00000, 0x0000000087000000|  0%| F|  |TAMS 0x0000000086f00000| PB 0x0000000086f00000| Untracked 
|  28|0x0000000087000000, 0x0000000087100000, 0x0000000087100000|100%| O|  |TAMS 0x0000000087100000| PB 0x0000000087100000| Untracked 
|  29|0x0000000087100000, 0x0000000087200000, 0x0000000087200000|100%| O|  |TAMS 0x0000000087200000| PB 0x0000000087200000| Updating 
|  30|0x0000000087200000, 0x0000000087300000, 0x0000000087300000|100%| O|  |TAMS 0x0000000087300000| PB 0x0000000087300000| Untracked 
|  31|0x0000000087300000, 0x0000000087400000, 0x0000000087400000|100%| O|  |TAMS 0x0000000087400000| PB 0x0000000087400000| Untracked 
|  32|0x0000000087400000, 0x0000000087500000, 0x0000000087500000|100%| O|  |TAMS 0x0000000087500000| PB 0x0000000087500000| Updating 
|  33|0x0000000087500000, 0x0000000087600000, 0x0000000087600000|100%| O|  |TAMS 0x0000000087600000| PB 0x0000000087600000| Untracked 
|  34|0x0000000087600000, 0x0000000087700000, 0x0000000087700000|100%| O|  |TAMS 0x0000000087700000| PB 0x0000000087700000| Updating 
|  35|0x0000000087700000, 0x0000000087800000, 0x0000000087800000|100%| O|  |TAMS 0x0000000087800000| PB 0x0000000087800000| Untracked 
|  36|0x0000000087800000, 0x0000000087900000, 0x0000000087900000|100%| O|  |TAMS 0x0000000087900000| PB 0x0000000087900000| Untracked 
|  37|0x0000000087900000, 0x0000000087a00000, 0x0000000087a00000|100%| O|  |TAMS 0x0000000087a00000| PB 0x0000000087a00000| Untracked 
|  38|0x0000000087a00000, 0x0000000087b00000, 0x0000000087b00000|100%| O|  |TAMS 0x0000000087b00000| PB 0x0000000087b00000| Updating 
|  39|0x0000000087b00000, 0x0000000087c00000, 0x0000000087c00000|100%| O|  |TAMS 0x0000000087c00000| PB 0x0000000087c00000| Updating 
|  40|0x0000000087c00000, 0x0000000087d00000, 0x0000000087d00000|100%| O|  |TAMS 0x0000000087d00000| PB 0x0000000087d00000| Untracked 
|  41|0x0000000087d00000, 0x0000000087e00000, 0x0000000087e00000|100%| O|  |TAMS 0x0000000087e00000| PB 0x0000000087e00000| Untracked 
|  42|0x0000000087e00000, 0x0000000087e00000, 0x0000000087f00000|  0%| F|  |TAMS 0x0000000087e00000| PB 0x0000000087e00000| Untracked 
|  43|0x0000000087f00000, 0x0000000087f00000, 0x0000000088000000|  0%| F|  |TAMS 0x0000000087f00000| PB 0x0000000087f00000| Untracked 
|  44|0x0000000088000000, 0x0000000088000000, 0x0000000088100000|  0%| F|  |TAMS 0x0000000088000000| PB 0x0000000088000000| Untracked 
|  45|0x0000000088100000, 0x0000000088100000, 0x0000000088200000|  0%| F|  |TAMS 0x0000000088100000| PB 0x0000000088100000| Untracked 
|  46|0x0000000088200000, 0x0000000088200000, 0x0000000088300000|  0%| F|  |TAMS 0x0000000088200000| PB 0x0000000088200000| Untracked 
|  47|0x0000000088300000, 0x0000000088300000, 0x0000000088400000|  0%| F|  |TAMS 0x0000000088300000| PB 0x0000000088300000| Untracked 
|  48|0x0000000088400000, 0x0000000088400000, 0x0000000088500000|  0%| F|  |TAMS 0x0000000088400000| PB 0x0000000088400000| Untracked 
|  49|0x0000000088500000, 0x0000000088600000, 0x0000000088600000|100%| S|CS|TAMS 0x0000000088500000| PB 0x0000000088500000| Complete 
|  50|0x0000000088600000, 0x0000000088700000, 0x0000000088700000|100%| S|CS|TAMS 0x0000000088600000| PB 0x0000000088600000| Complete 
|  51|0x0000000088700000, 0x0000000088800000, 0x0000000088800000|100%| S|CS|TAMS 0x0000000088700000| PB 0x0000000088700000| Complete 
|  52|0x0000000088800000, 0x0000000088800000, 0x0000000088900000|  0%| F|  |TAMS 0x0000000088800000| PB 0x0000000088800000| Untracked 
|  53|0x0000000088900000, 0x0000000088900000, 0x0000000088a00000|  0%| F|  |TAMS 0x0000000088900000| PB 0x0000000088900000| Untracked 
|  54|0x0000000088a00000, 0x0000000088a00000, 0x0000000088b00000|  0%| F|  |TAMS 0x0000000088a00000| PB 0x0000000088a00000| Untracked 
|  55|0x0000000088b00000, 0x0000000088b00000, 0x0000000088c00000|  0%| F|  |TAMS 0x0000000088b00000| PB 0x0000000088b00000| Untracked 
|  56|0x0000000088c00000, 0x0000000088c00000, 0x0000000088d00000|  0%| F|  |TAMS 0x0000000088c00000| PB 0x0000000088c00000| Untracked 
|  57|0x0000000088d00000, 0x0000000088d00000, 0x0000000088e00000|  0%| F|  |TAMS 0x0000000088d00000| PB 0x0000000088d00000| Untracked 
|  58|0x0000000088e00000, 0x0000000088e00000, 0x0000000088f00000|  0%| F|  |TAMS 0x0000000088e00000| PB 0x0000000088e00000| Untracked 
|  59|0x0000000088f00000, 0x0000000088f00000, 0x0000000089000000|  0%| F|  |TAMS 0x0000000088f00000| PB 0x0000000088f00000| Untracked 
|  60|0x0000000089000000, 0x0000000089000000, 0x0000000089100000|  0%| F|  |TAMS 0x0000000089000000| PB 0x0000000089000000| Untracked 
|  61|0x0000000089100000, 0x0000000089100000, 0x0000000089200000|  0%| F|  |TAMS 0x0000000089100000| PB 0x0000000089100000| Untracked 
|  62|0x0000000089200000, 0x0000000089200000, 0x0000000089300000|  0%| F|  |TAMS 0x0000000089200000| PB 0x0000000089200000| Untracked 
|  63|0x0000000089300000, 0x0000000089300000, 0x0000000089400000|  0%| F|  |TAMS 0x0000000089300000| PB 0x0000000089300000| Untracked 
|  64|0x0000000089400000, 0x0000000089400000, 0x0000000089500000|  0%| F|  |TAMS 0x0000000089400000| PB 0x0000000089400000| Untracked 
|  65|0x0000000089500000, 0x0000000089500000, 0x0000000089600000|  0%| F|  |TAMS 0x0000000089500000| PB 0x0000000089500000| Untracked 
|  66|0x0000000089600000, 0x0000000089600000, 0x0000000089700000|  0%| F|  |TAMS 0x0000000089600000| PB 0x0000000089600000| Untracked 
| 109|0x000000008c100000, 0x000000008c100000, 0x000000008c200000|  0%| F|  |TAMS 0x000000008c100000| PB 0x000000008c100000| Untracked 
| 110|0x000000008c200000, 0x000000008c200000, 0x000000008c300000|  0%| F|  |TAMS 0x000000008c200000| PB 0x000000008c200000| Untracked 
| 123|0x000000008cf00000, 0x000000008cf00000, 0x000000008d000000|  0%| F|  |TAMS 0x000000008cf00000| PB 0x000000008cf00000| Untracked 
|1962|0x00000000ffe00000, 0x00000000ffe65338, 0x00000000fff00000| 39%| E|  |TAMS 0x00000000ffe00000| PB 0x00000000ffe00000| Complete 
|1963|0x00000000fff00000, 0x0000000100000000, 0x0000000100000000|100%| O|  |TAMS 0x0000000100000000| PB 0x0000000100000000| Untracked 

Card table byte_map: [0x000001bb65220000,0x000001bb65600000] _byte_map_base: 0x000001bb64df6000

Marking Bits: (CMBitMap*) 0x000001bb52d30b10
 Bits: [0x000001bb65600000, 0x000001bb674b0000)

Polling page: 0x000001bb50a60000

Metaspace:

Usage:
  Non-class:     58.78 MB used.
      Class:      7.53 MB used.
       Both:     66.31 MB used.

Virtual space:
  Non-class space:       64.00 MB reserved,      58.94 MB ( 92%) committed,  1 nodes.
      Class space:        1.00 GB reserved,       7.62 MB ( <1%) committed,  1 nodes.
             Both:        1.06 GB reserved,      66.56 MB (  6%) committed. 

Chunk freelists:
   Non-Class:  4.88 MB
       Class:  8.33 MB
        Both:  13.20 MB

MaxMetaspaceSize: unlimited
CompressedClassSpaceSize: 1.00 GB
Initial GC threshold: 21.00 MB
Current GC threshold: 89.69 MB
CDS: off
 - commit_granule_bytes: 65536.
 - commit_granule_words: 8192.
 - virtual_space_node_default_size: 8388608.
 - enlarge_chunks_in_place: 1.
 - use_allocation_guard: 0.


Internal statistics:

num_allocs_failed_limit: 6.
num_arena_births: 296.
num_arena_deaths: 0.
num_vsnodes_births: 2.
num_vsnodes_deaths: 0.
num_space_committed: 1065.
num_space_uncommitted: 0.
num_chunks_returned_to_freelist: 6.
num_chunks_taken_from_freelist: 2306.
num_chunk_merges: 6.
num_chunk_splits: 1970.
num_chunks_enlarged: 1817.
num_inconsistent_stats: 0.

CodeHeap 'non-profiled nmethods': size=120000Kb used=2832Kb max_used=2837Kb free=117167Kb
 bounds [0x000001bb5d910000, 0x000001bb5dbe0000, 0x000001bb64e40000]
CodeHeap 'profiled nmethods': size=120000Kb used=14607Kb max_used=15284Kb free=105392Kb
 bounds [0x000001bb55e40000, 0x000001bb56d30000, 0x000001bb5d370000]
CodeHeap 'non-nmethods': size=5760Kb used=1765Kb max_used=1798Kb free=3994Kb
 bounds [0x000001bb5d370000, 0x000001bb5d5e0000, 0x000001bb5d910000]
CodeCache: size=245760Kb, used=19204Kb, max_used=19919Kb, free=226553Kb
 total_blobs=6158, nmethods=5373, adapters=687, full_count=0
Compilation: enabled, stopped_count=0, restarted_count=0

Compilation events (20 events):
Event: 40.536 Thread 0x000001bb69b67a10 6037       3       kotlin.sequences.SequencesKt___SequencesKt::filter (26 bytes)
Event: 40.537 Thread 0x000001bb69b67a10 nmethod 6037 0x000001bb56d26f90 code [0x000001bb56d27320, 0x000001bb56d28720]
Event: 40.538 Thread 0x000001bb69b67a10 6038       3       org.jetbrains.kotlin.ir.util.IrUtilsKt$special$$inlined$filterIsInstance$1::invoke (6 bytes)
Event: 40.538 Thread 0x000001bb69b67a10 nmethod 6038 0x000001bb56d28e90 code [0x000001bb56d29060, 0x000001bb56d29380]
Event: 40.540 Thread 0x000001bb69b67a10 6039       3       org.jetbrains.kotlin.ir.symbols.FqNameEqualityChecker::areEqual (50 bytes)
Event: 40.541 Thread 0x000001bb69b67a10 nmethod 6039 0x000001bb56d29490 code [0x000001bb56d29780, 0x000001bb56d2a580]
Event: 40.542 Thread 0x000001bb69b67a10 6040       3       org.jetbrains.kotlin.ir.types.impl.IrAbstractSimpleType::equals (64 bytes)
Event: 40.542 Thread 0x000001bb69b67a10 nmethod 6040 0x000001bb56d2aa90 code [0x000001bb56d2aca0, 0x000001bb56d2b4d8]
Event: 40.545 Thread 0x000001bb69b67a10 6041       3       kotlin.collections.CollectionsKt___CollectionsKt::asSequence (18 bytes)
Event: 40.546 Thread 0x000001bb69b67a10 nmethod 6041 0x000001bb56d2b710 code [0x000001bb56d2b940, 0x000001bb56d2c010]
Event: 40.546 Thread 0x000001bb69b67a10 6042       3       kotlin.collections.CollectionsKt___CollectionsKt$asSequence$$inlined$Sequence$1::<init> (10 bytes)
Event: 40.546 Thread 0x000001bb69b67a10 nmethod 6042 0x000001bb56d2c290 code [0x000001bb56d2c440, 0x000001bb56d2c608]
Event: 40.565 Thread 0x000001bb69b67a10 6045       3       java.lang.invoke.MemberName$Factory::resolveOrNull (54 bytes)
Event: 40.566 Thread 0x000001bb69b67a10 nmethod 6045 0x000001bb56d2c710 code [0x000001bb56d2c8e0, 0x000001bb56d2cb78]
Event: 40.924 Thread 0x000001bb69b647c0 6048       4       org.jetbrains.kotlin.fir.declarations.FirResolvePhase$Companion::getANALYZED_DEPENDENCIES (4 bytes)
Event: 40.924 Thread 0x000001bb69b647c0 nmethod 6048 0x000001bb5dbd4e90 code [0x000001bb5dbd5020, 0x000001bb5dbd50b0]
Event: 40.924 Thread 0x000001bb69b67a10 6049       3       org.jetbrains.kotlin.fir.symbols.impl.FirClassLikeSymbol::getRawStatus (11 bytes)
Event: 40.925 Thread 0x000001bb69b67a10 nmethod 6049 0x000001bb56d2cc90 code [0x000001bb56d2ce60, 0x000001bb56d2d140]
Event: 40.949 Thread 0x000001bb69b647c0 6050       4       java.lang.reflect.Modifier::isPublic (12 bytes)
Event: 40.949 Thread 0x000001bb69b647c0 nmethod 6050 0x000001bb5dbd5190 code [0x000001bb5dbd5300, 0x000001bb5dbd5370]

GC Heap History (20 events):
Event: 22.337 GC heap before
{Heap before GC invocations=13 (full 0):
 garbage-first heap   total 49152K, used 39860K [0x0000000085400000, 0x0000000100000000)
  region size 1024K, 17 young (17408K), 3 survivors (3072K)
 Metaspace       used 48568K, committed 48768K, reserved 1114112K
  class space    used 5770K, committed 5888K, reserved 1048576K
}
Event: 22.354 GC heap after
{Heap after GC invocations=14 (full 0):
 garbage-first heap   total 49152K, used 30462K [0x0000000085400000, 0x0000000100000000)
  region size 1024K, 3 young (3072K), 3 survivors (3072K)
 Metaspace       used 48568K, committed 48768K, reserved 1114112K
  class space    used 5770K, committed 5888K, reserved 1048576K
}
Event: 23.812 GC heap before
{Heap before GC invocations=15 (full 0):
 garbage-first heap   total 51200K, used 41726K [0x0000000085400000, 0x0000000100000000)
  region size 1024K, 14 young (14336K), 3 survivors (3072K)
 Metaspace       used 51157K, committed 51456K, reserved 1114112K
  class space    used 6072K, committed 6208K, reserved 1048576K
}
Event: 23.822 GC heap after
{Heap after GC invocations=16 (full 0):
 garbage-first heap   total 51200K, used 31665K [0x0000000085400000, 0x0000000100000000)
  region size 1024K, 2 young (2048K), 2 survivors (2048K)
 Metaspace       used 51157K, committed 51456K, reserved 1114112K
  class space    used 6072K, committed 6208K, reserved 1048576K
}
Event: 24.745 GC heap before
{Heap before GC invocations=16 (full 0):
 garbage-first heap   total 51200K, used 41905K [0x0000000085400000, 0x0000000100000000)
  region size 1024K, 13 young (13312K), 2 survivors (2048K)
 Metaspace       used 51864K, committed 52160K, reserved 1114112K
  class space    used 6169K, committed 6272K, reserved 1048576K
}
Event: 24.759 GC heap after
{Heap after GC invocations=17 (full 0):
 garbage-first heap   total 51200K, used 34655K [0x0000000085400000, 0x0000000100000000)
  region size 1024K, 2 young (2048K), 2 survivors (2048K)
 Metaspace       used 51864K, committed 52160K, reserved 1114112K
  class space    used 6169K, committed 6272K, reserved 1048576K
}
Event: 26.098 GC heap before
{Heap before GC invocations=17 (full 0):
 garbage-first heap   total 51200K, used 43871K [0x0000000085400000, 0x0000000100000000)
  region size 1024K, 11 young (11264K), 2 survivors (2048K)
 Metaspace       used 52741K, committed 52992K, reserved 1114112K
  class space    used 6240K, committed 6336K, reserved 1048576K
}
Event: 26.113 GC heap after
{Heap after GC invocations=18 (full 0):
 garbage-first heap   total 51200K, used 36864K [0x0000000085400000, 0x0000000100000000)
  region size 1024K, 2 young (2048K), 2 survivors (2048K)
 Metaspace       used 52741K, committed 52992K, reserved 1114112K
  class space    used 6240K, committed 6336K, reserved 1048576K
}
Event: 27.096 GC heap before
{Heap before GC invocations=19 (full 0):
 garbage-first heap   total 61440K, used 45056K [0x0000000085400000, 0x0000000100000000)
  region size 1024K, 10 young (10240K), 2 survivors (2048K)
 Metaspace       used 53493K, committed 53696K, reserved 1114112K
  class space    used 6296K, committed 6400K, reserved 1048576K
}
Event: 27.108 GC heap after
{Heap after GC invocations=20 (full 0):
 garbage-first heap   total 61440K, used 38640K [0x0000000085400000, 0x0000000100000000)
  region size 1024K, 2 young (2048K), 2 survivors (2048K)
 Metaspace       used 53493K, committed 53696K, reserved 1114112K
  class space    used 6296K, committed 6400K, reserved 1048576K
}
Event: 27.474 GC heap before
{Heap before GC invocations=20 (full 0):
 garbage-first heap   total 61440K, used 50928K [0x0000000085400000, 0x0000000100000000)
  region size 1024K, 15 young (15360K), 2 survivors (2048K)
 Metaspace       used 53822K, committed 54144K, reserved 1114112K
  class space    used 6329K, committed 6464K, reserved 1048576K
}
Event: 27.490 GC heap after
{Heap after GC invocations=21 (full 0):
 garbage-first heap   total 61440K, used 41748K [0x0000000085400000, 0x0000000100000000)
  region size 1024K, 2 young (2048K), 2 survivors (2048K)
 Metaspace       used 53822K, committed 54144K, reserved 1114112K
  class space    used 6329K, committed 6464K, reserved 1048576K
}
Event: 29.225 GC heap before
{Heap before GC invocations=21 (full 0):
 garbage-first heap   total 61440K, used 53012K [0x0000000085400000, 0x0000000100000000)
  region size 1024K, 13 young (13312K), 2 survivors (2048K)
 Metaspace       used 54519K, committed 54848K, reserved 1114112K
  class space    used 6371K, committed 6528K, reserved 1048576K
}
Event: 29.238 GC heap after
{Heap after GC invocations=22 (full 0):
 garbage-first heap   total 73728K, used 43395K [0x0000000085400000, 0x0000000100000000)
  region size 1024K, 2 young (2048K), 2 survivors (2048K)
 Metaspace       used 54519K, committed 54848K, reserved 1114112K
  class space    used 6371K, committed 6528K, reserved 1048576K
}
Event: 32.190 GC heap before
{Heap before GC invocations=23 (full 0):
 garbage-first heap   total 73728K, used 59779K [0x0000000085400000, 0x0000000100000000)
  region size 1024K, 20 young (20480K), 2 survivors (2048K)
 Metaspace       used 58998K, committed 59264K, reserved 1114112K
  class space    used 6838K, committed 6912K, reserved 1048576K
}
Event: 32.200 GC heap after
{Heap after GC invocations=24 (full 0):
 garbage-first heap   total 73728K, used 43854K [0x0000000085400000, 0x0000000100000000)
  region size 1024K, 3 young (3072K), 3 survivors (3072K)
 Metaspace       used 58998K, committed 59264K, reserved 1114112K
  class space    used 6838K, committed 6912K, reserved 1048576K
}
Event: 34.931 GC heap before
{Heap before GC invocations=24 (full 0):
 garbage-first heap   total 73728K, used 62286K [0x0000000085400000, 0x0000000100000000)
  region size 1024K, 22 young (22528K), 3 survivors (3072K)
 Metaspace       used 63825K, committed 64128K, reserved 1114112K
  class space    used 7303K, committed 7424K, reserved 1048576K
}
Event: 34.947 GC heap after
{Heap after GC invocations=25 (full 0):
 garbage-first heap   total 73728K, used 44510K [0x0000000085400000, 0x0000000100000000)
  region size 1024K, 2 young (2048K), 2 survivors (2048K)
 Metaspace       used 63825K, committed 64128K, reserved 1114112K
  class space    used 7303K, committed 7424K, reserved 1048576K
}
Event: 42.192 GC heap before
{Heap before GC invocations=25 (full 0):
 garbage-first heap   total 73728K, used 62942K [0x0000000085400000, 0x0000000100000000)
  region size 1024K, 21 young (21504K), 2 survivors (2048K)
 Metaspace       used 67902K, committed 68160K, reserved 1114112K
  class space    used 7707K, committed 7808K, reserved 1048576K
}
Event: 42.204 GC heap after
{Heap after GC invocations=26 (full 0):
 garbage-first heap   total 73728K, used 46080K [0x0000000085400000, 0x0000000100000000)
  region size 1024K, 3 young (3072K), 3 survivors (3072K)
 Metaspace       used 67902K, committed 68160K, reserved 1114112K
  class space    used 7707K, committed 7808K, reserved 1048576K
}

Dll operation events (3 events):
Event: 0.014 Loaded shared library C:\Program Files\Android\Android Studio\jbr\bin\java.dll
Event: 0.148 Loaded shared library C:\Program Files\Android\Android Studio\jbr\bin\zip.dll
Event: 12.815 Loaded shared library C:\Program Files\Android\Android Studio\jbr\bin\verify.dll

Deoptimization events (20 events):
Event: 36.009 Thread 0x000001bb50aadf20 Uncommon trap: trap_request=0xffffffde fr.pc=0x000001bb5d9c8d34 relative=0x0000000000000fb4
Event: 36.009 Thread 0x000001bb50aadf20 Uncommon trap: reason=class_check action=maybe_recompile pc=0x000001bb5d9c8d34 method=java.util.concurrent.ConcurrentHashMap.putVal(Ljava/lang/Object;Ljava/lang/Object;Z)Ljava/lang/Object; @ 242 c2
Event: 36.009 Thread 0x000001bb50aadf20 DEOPT PACKING pc=0x000001bb5d9c8d34 sp=0x0000001f08efbbe0
Event: 36.009 Thread 0x000001bb50aadf20 DEOPT UNPACKING pc=0x000001bb5d3c46a2 sp=0x0000001f08efbb50 mode 2
Event: 36.009 Thread 0x000001bb50aadf20 Uncommon trap: trap_request=0xffffffde fr.pc=0x000001bb5d9c8d34 relative=0x0000000000000fb4
Event: 36.009 Thread 0x000001bb50aadf20 Uncommon trap: reason=class_check action=maybe_recompile pc=0x000001bb5d9c8d34 method=java.util.concurrent.ConcurrentHashMap.putVal(Ljava/lang/Object;Ljava/lang/Object;Z)Ljava/lang/Object; @ 242 c2
Event: 36.009 Thread 0x000001bb50aadf20 DEOPT PACKING pc=0x000001bb5d9c8d34 sp=0x0000001f08efbbe0
Event: 36.009 Thread 0x000001bb50aadf20 DEOPT UNPACKING pc=0x000001bb5d3c46a2 sp=0x0000001f08efbb50 mode 2
Event: 36.010 Thread 0x000001bb50aadf20 Uncommon trap: trap_request=0xffffffde fr.pc=0x000001bb5d9c8d34 relative=0x0000000000000fb4
Event: 36.010 Thread 0x000001bb50aadf20 Uncommon trap: reason=class_check action=maybe_recompile pc=0x000001bb5d9c8d34 method=java.util.concurrent.ConcurrentHashMap.putVal(Ljava/lang/Object;Ljava/lang/Object;Z)Ljava/lang/Object; @ 242 c2
Event: 36.010 Thread 0x000001bb50aadf20 DEOPT PACKING pc=0x000001bb5d9c8d34 sp=0x0000001f08efc980
Event: 36.010 Thread 0x000001bb50aadf20 DEOPT UNPACKING pc=0x000001bb5d3c46a2 sp=0x0000001f08efc8f0 mode 2
Event: 36.388 Thread 0x000001bb50aadf20 Uncommon trap: trap_request=0xffffff45 fr.pc=0x000001bb5dab6204 relative=0x0000000000000424
Event: 36.388 Thread 0x000001bb50aadf20 Uncommon trap: reason=unstable_if action=reinterpret pc=0x000001bb5dab6204 method=kotlin.LazyKt__LazyJVMKt.lazy(Lkotlin/LazyThreadSafetyMode;Lkotlin/jvm/functions/Function0;)Lkotlin/Lazy; @ 21 c2
Event: 36.388 Thread 0x000001bb50aadf20 DEOPT PACKING pc=0x000001bb5dab6204 sp=0x0000001f08efe890
Event: 36.388 Thread 0x000001bb50aadf20 DEOPT UNPACKING pc=0x000001bb5d3c46a2 sp=0x0000001f08efe850 mode 2
Event: 40.923 Thread 0x000001bb50aadf20 Uncommon trap: trap_request=0xffffff45 fr.pc=0x000001bb5db33c58 relative=0x0000000000007418
Event: 40.923 Thread 0x000001bb50aadf20 Uncommon trap: reason=unstable_if action=reinterpret pc=0x000001bb5db33c58 method=org.jetbrains.org.objectweb.asm.ClassReader.readMethod(Lorg/jetbrains/org/objectweb/asm/ClassVisitor;Lorg/jetbrains/org/objectweb/asm/Context;I)I @ 595 c2
Event: 40.923 Thread 0x000001bb50aadf20 DEOPT PACKING pc=0x000001bb5db33c58 sp=0x0000001f08efd730
Event: 40.923 Thread 0x000001bb50aadf20 DEOPT UNPACKING pc=0x000001bb5d3c46a2 sp=0x0000001f08efd6e8 mode 2

Classes loaded (20 events):
Event: 31.922 Loading class java/util/Collections$EmptyEnumeration
Event: 31.922 Loading class java/util/Collections$EmptyEnumeration done
Event: 31.922 Loading class jdk/internal/loader/BuiltinClassLoader$1
Event: 31.923 Loading class jdk/internal/loader/BuiltinClassLoader$1 done
Event: 31.923 Loading class java/lang/CompoundEnumeration
Event: 31.923 Loading class java/lang/CompoundEnumeration done
Event: 31.924 Loading class jdk/internal/loader/URLClassPath$1
Event: 31.924 Loading class jdk/internal/loader/URLClassPath$1 done
Event: 31.926 Loading class java/util/ServiceLoader$1
Event: 31.926 Loading class java/util/ServiceLoader$1 done
Event: 31.927 Loading class java/util/ServiceLoader$ProviderImpl
Event: 31.927 Loading class java/util/ServiceLoader$Provider
Event: 31.927 Loading class java/util/ServiceLoader$Provider done
Event: 31.927 Loading class java/util/ServiceLoader$ProviderImpl done
Event: 33.572 Loading class java/security/CodeSigner
Event: 33.572 Loading class java/security/CodeSigner done
Event: 35.101 Loading class java/lang/Short$ShortCache
Event: 35.101 Loading class java/lang/Short$ShortCache done
Event: 37.010 Loading class java/util/Collections$SynchronizedMap
Event: 37.011 Loading class java/util/Collections$SynchronizedMap done

Classes unloaded (0 events):
No events

Classes redefined (0 events):
No events

Internal exceptions (20 events):
Event: 22.798 Thread 0x000001bb50aadf20 Exception <a 'java/lang/NoSuchMethodError'{0x0000000087f609b0}: 'java.lang.Object java.lang.invoke.Invokers$Holder.linkToTargetMethod(java.lang.Object, java.lang.Object, int, java.lang.Object)'> (0x0000000087f609b0) 
thrown [s\src\hotspot\share\interpreter\linkResolver.cpp, line 784]
Event: 22.804 Thread 0x000001bb50aadf20 Exception <a 'java/lang/NoSuchMethodError'{0x0000000087f700f8}: 'java.lang.Object java.lang.invoke.DirectMethodHandle$Holder.newInvokeSpecial(java.lang.Object, int, java.lang.Object)'> (0x0000000087f700f8) 
thrown [s\src\hotspot\share\interpreter\linkResolver.cpp, line 784]
Event: 22.812 Thread 0x000001bb50aadf20 Exception <a 'java/lang/NoSuchMethodError'{0x0000000087fa0578}: 'java.lang.Object java.lang.invoke.DirectMethodHandle$Holder.newInvokeSpecial(java.lang.Object, java.lang.Object, java.lang.Object, java.lang.Object, int, java.lang.Object, java.lang.Object)'> (0x0000000087fa0578) 
thrown [s\src\hotspot\share\interpreter\linkResolver.cpp, line 784]
Event: 22.813 Thread 0x000001bb50aadf20 Exception <a 'java/lang/NoSuchMethodError'{0x0000000087fa8a08}: 'java.lang.Object java.lang.invoke.Invokers$Holder.linkToTargetMethod(java.lang.Object, java.lang.Object, java.lang.Object, int, java.lang.Object, java.lang.Object, java.lang.Object)'> (0x0000000087fa8a08) 
thrown [s\src\hotspot\share\interpreter\linkResolver.cpp, line 784]
Event: 23.477 Thread 0x000001bb50aadf20 Exception <a 'java/lang/NoSuchMethodError'{0x0000000087c7ce58}: 'java.lang.Object java.lang.invoke.DirectMethodHandle$Holder.invokeSpecial(java.lang.Object, java.lang.Object, int, java.lang.Object, java.lang.Object)'> (0x0000000087c7ce58) 
thrown [s\src\hotspot\share\interpreter\linkResolver.cpp, line 784]
Event: 24.357 Thread 0x000001bb50aadf20 Exception <a 'java/lang/NoSuchMethodError'{0x0000000087ba19c0}: 'java.lang.Object java.lang.invoke.DirectMethodHandle$Holder.invokeStatic(java.lang.Object, java.lang.Object, java.lang.Object, int, java.lang.Object, java.lang.Object)'> (0x0000000087ba19c0) 
thrown [s\src\hotspot\share\interpreter\linkResolver.cpp, line 784]
Event: 26.251 Thread 0x000001bb50aadf20 Exception <a 'java/lang/NoSuchMethodError'{0x000000008cf6be78}: 'java.lang.Object java.lang.invoke.DirectMethodHandle$Holder.newInvokeSpecial(java.lang.Object, int, java.lang.Object, java.lang.Object, java.lang.Object)'> (0x000000008cf6be78) 
thrown [s\src\hotspot\share\interpreter\linkResolver.cpp, line 784]
Event: 26.252 Thread 0x000001bb50aadf20 Exception <a 'java/lang/NoSuchMethodError'{0x000000008cf73de8}: 'java.lang.Object java.lang.invoke.Invokers$Holder.linkToTargetMethod(int, java.lang.Object, java.lang.Object, java.lang.Object, java.lang.Object)'> (0x000000008cf73de8) 
thrown [s\src\hotspot\share\interpreter\linkResolver.cpp, line 784]
Event: 30.621 Thread 0x000001bb50aadf20 Implicit null exception at 0x000001bb5d9e9ee3 to 0x000001bb5d9e9f79
Event: 30.778 Thread 0x000001bb50aadf20 Implicit null exception at 0x000001bb5dac4169 to 0x000001bb5dac4304
Event: 31.578 Thread 0x000001bb50aadf20 Implicit null exception at 0x000001bb5da1eece to 0x000001bb5da1eff8
Event: 31.678 Thread 0x000001bb50aadf20 Exception <a 'java/lang/NoSuchMethodError'{0x0000000088d1c9e8}: 'java.lang.Object java.lang.invoke.DirectMethodHandle$Holder.newInvokeSpecial(java.lang.Object, java.lang.Object, int, java.lang.Object, java.lang.Object, java.lang.Object)'> (0x0000000088d1c9e8) 
thrown [s\src\hotspot\share\interpreter\linkResolver.cpp, line 784]
Event: 31.688 Thread 0x000001bb50aadf20 Exception <a 'java/lang/NoSuchMethodError'{0x0000000088d20b68}: 'java.lang.Object java.lang.invoke.DirectMethodHandle$Holder.invokeSpecial(java.lang.Object, java.lang.Object, java.lang.Object, int, java.lang.Object, java.lang.Object, java.lang.Object)'> (0x0000000088d20b68) 
thrown [s\src\hotspot\share\interpreter\linkResolver.cpp, line 784]
Event: 31.688 Thread 0x000001bb50aadf20 Exception <a 'java/lang/NoSuchMethodError'{0x0000000088d241e0}: 'java.lang.Object java.lang.invoke.Invokers$Holder.linkToTargetMethod(java.lang.Object, int, java.lang.Object, java.lang.Object, java.lang.Object, java.lang.Object)'> (0x0000000088d241e0) 
thrown [s\src\hotspot\share\interpreter\linkResolver.cpp, line 784]
Event: 32.297 Thread 0x000001bb50aadf20 Implicit null exception at 0x000001bb5d94bb20 to 0x000001bb5d94c1dc
Event: 32.651 Thread 0x000001bb50aadf20 Implicit null exception at 0x000001bb5d9490a0 to 0x000001bb5d949778
Event: 33.889 Thread 0x000001bb50aadf20 Exception <a 'java/lang/NoSuchMethodError'{0x0000000088e6b768}: 'java.lang.Object java.lang.invoke.DirectMethodHandle$Holder.newInvokeSpecial(java.lang.Object, java.lang.Object, java.lang.Object, java.lang.Object, java.lang.Object, java.lang.Object, java.lang.Object, java.lang.Object, int)'> (0x0000000088e6b768) 
thrown [s\src\hotspot\share\interpreter\linkResolver.cpp, line 784]
Event: 33.892 Thread 0x000001bb50aadf20 Exception <a 'java/lang/NoSuchMethodError'{0x0000000088e70558}: 'java.lang.Object java.lang.invoke.DirectMethodHandle$Holder.invokeSpecial(java.lang.Object, java.lang.Object, java.lang.Object, java.lang.Object, java.lang.Object, java.lang.Object, java.lang.Object, java.lang.Object, java.lang.Object, int)'> (0x0000000088e70558) 
thrown [s\src\hotspot\share\interpreter\linkResolver.cpp, line 784]
Event: 40.566 Thread 0x000001bb50aadf20 Exception <a 'java/lang/NoSuchMethodError'{0x0000000088a83490}: 'java.lang.Object java.lang.invoke.DirectMethodHandle$Holder.newInvokeSpecial(java.lang.Object, int, java.lang.Object, int)'> (0x0000000088a83490) 
thrown [s\src\hotspot\share\interpreter\linkResolver.cpp, line 784]
Event: 40.568 Thread 0x000001bb50aadf20 Exception <a 'java/lang/NoSuchMethodError'{0x0000000088a87220}: 'java.lang.Object java.lang.invoke.DirectMethodHandle$Holder.invokeSpecial(java.lang.Object, java.lang.Object, int, java.lang.Object, int)'> (0x0000000088a87220) 
thrown [s\src\hotspot\share\interpreter\linkResolver.cpp, line 784]

ZGC Phase Switch (0 events):
No events

VM Operations (20 events):
Event: 34.121 Executing VM operation: HandshakeAllThreads (Deoptimize) done
Event: 34.931 Executing VM operation: G1CollectForAllocation (G1 Evacuation Pause)
Event: 34.947 Executing VM operation: G1CollectForAllocation (G1 Evacuation Pause) done
Event: 35.948 Executing VM operation: Cleanup
Event: 35.999 Executing VM operation: Cleanup done
Event: 36.053 Executing VM operation: HandshakeAllThreads (Deoptimize)
Event: 36.053 Executing VM operation: HandshakeAllThreads (Deoptimize) done
Event: 36.372 Executing VM operation: HandshakeAllThreads (Deoptimize)
Event: 36.372 Executing VM operation: HandshakeAllThreads (Deoptimize) done
Event: 37.396 Executing VM operation: Cleanup
Event: 37.396 Executing VM operation: Cleanup done
Event: 39.423 Executing VM operation: Cleanup
Event: 39.423 Executing VM operation: Cleanup done
Event: 40.436 Executing VM operation: Cleanup
Event: 40.484 Executing VM operation: Cleanup done
Event: 41.505 Executing VM operation: Cleanup
Event: 41.821 Executing VM operation: Cleanup done
Event: 42.192 Executing VM operation: G1CollectForAllocation (G1 Evacuation Pause)
Event: 42.204 Executing VM operation: G1CollectForAllocation (G1 Evacuation Pause) done
Event: 42.487 Executing VM operation: G1PauseRemark

Memory protections (0 events):
No events

Nmethod flushes (20 events):
Event: 42.500 Thread 0x000001bb69973ca0 flushing  nmethod 0x000001bb56481d10
Event: 42.500 Thread 0x000001bb69973ca0 flushing  nmethod 0x000001bb56483010
Event: 42.500 Thread 0x000001bb69973ca0 flushing  nmethod 0x000001bb564a3310
Event: 42.500 Thread 0x000001bb69973ca0 flushing  nmethod 0x000001bb564c8690
Event: 42.500 Thread 0x000001bb69973ca0 flushing  nmethod 0x000001bb564ccb10
Event: 42.500 Thread 0x000001bb69973ca0 flushing  nmethod 0x000001bb564e4c90
Event: 42.500 Thread 0x000001bb69973ca0 flushing  nmethod 0x000001bb56517a90
Event: 42.500 Thread 0x000001bb69973ca0 flushing  nmethod 0x000001bb56518590
Event: 42.500 Thread 0x000001bb69973ca0 flushing  nmethod 0x000001bb56519810
Event: 42.500 Thread 0x000001bb69973ca0 flushing  nmethod 0x000001bb5651a310
Event: 42.500 Thread 0x000001bb69973ca0 flushing  nmethod 0x000001bb56540c10
Event: 42.500 Thread 0x000001bb69973ca0 flushing  nmethod 0x000001bb56623f90
Event: 42.500 Thread 0x000001bb69973ca0 flushing  nmethod 0x000001bb566cdb90
Event: 42.500 Thread 0x000001bb69973ca0 flushing  nmethod 0x000001bb566d3890
Event: 42.500 Thread 0x000001bb69973ca0 flushing  nmethod 0x000001bb5670aa10
Event: 42.500 Thread 0x000001bb69973ca0 flushing  nmethod 0x000001bb5672f610
Event: 42.500 Thread 0x000001bb69973ca0 flushing  nmethod 0x000001bb56735690
Event: 42.500 Thread 0x000001bb69973ca0 flushing  nmethod 0x000001bb567b6f90
Event: 42.500 Thread 0x000001bb69973ca0 flushing  nmethod 0x000001bb567c8810
Event: 42.500 Thread 0x000001bb69973ca0 flushing  nmethod 0x000001bb567c8e10

Events (19 events):
Event: 0.022 Thread 0x000001bb50aadf20 Thread added: 0x000001bb50aadf20
Event: 0.620 Thread 0x000001bb50aadf20 Thread added: 0x000001bb69b3cd70
Event: 0.730 Thread 0x000001bb50aadf20 Thread added: 0x000001bb69b4c4b0
Event: 0.731 Thread 0x000001bb50aadf20 Thread added: 0x000001bb69b5f0a0
Event: 0.734 Thread 0x000001bb50aadf20 Thread added: 0x000001bb69b5fb00
Event: 0.734 Thread 0x000001bb50aadf20 Thread added: 0x000001bb69b60560
Event: 0.734 Thread 0x000001bb50aadf20 Thread added: 0x000001bb69b60fc0
Event: 0.734 Thread 0x000001bb50aadf20 Thread added: 0x000001bb69b61a20
Event: 0.734 Thread 0x000001bb50aadf20 Thread added: 0x000001bb69b647c0
Event: 0.819 Thread 0x000001bb50aadf20 Thread added: 0x000001bb69b67a10
Event: 1.344 Thread 0x000001bb50aadf20 Thread added: 0x000001bb69cfce60
Event: 3.023 Loaded shared library C:\Program Files\Android\Android Studio\jbr\bin\net.dll
Event: 3.026 Loaded shared library C:\Program Files\Android\Android Studio\jbr\bin\nio.dll
Event: 3.361 Loaded shared library C:\Program Files\Android\Android Studio\jbr\bin\zip.dll
Event: 3.633 Loaded shared library C:\Program Files\Android\Android Studio\jbr\bin\jimage.dll
Event: 12.300 Thread 0x000001bb69b67a10 Thread added: 0x000001bb6e584970
Event: 12.865 Thread 0x000001bb6e584970 Thread exited: 0x000001bb6e584970
Event: 23.778 Thread 0x000001bb69b67a10 Thread added: 0x000001bb70d20570
Event: 24.433 Thread 0x000001bb70d20570 Thread exited: 0x000001bb70d20570


Dynamic libraries:
0x00007ff7ecb00000 - 0x00007ff7ecb0a000 	C:\Program Files\Android\Android Studio\jbr\bin\java.exe
0x00007ff8e4330000 - 0x00007ff8e4528000 	C:\WINDOWS\SYSTEM32\ntdll.dll
0x00007ff8e3c50000 - 0x00007ff8e3d12000 	C:\WINDOWS\System32\KERNEL32.DLL
0x00007ff8e1d00000 - 0x00007ff8e1ff6000 	C:\WINDOWS\System32\KERNELBASE.dll
0x00007ff8e19f0000 - 0x00007ff8e1af0000 	C:\WINDOWS\System32\ucrtbase.dll
0x00007ff8db680000 - 0x00007ff8db698000 	C:\Program Files\Android\Android Studio\jbr\bin\jli.dll
0x00007ff8e27c0000 - 0x00007ff8e2961000 	C:\WINDOWS\System32\USER32.dll
0x00007ff8e2320000 - 0x00007ff8e2342000 	C:\WINDOWS\System32\win32u.dll
0x00007ff8e2b70000 - 0x00007ff8e2b9b000 	C:\WINDOWS\System32\GDI32.dll
0x00007ff8e1af0000 - 0x00007ff8e1c09000 	C:\WINDOWS\System32\gdi32full.dll
0x00007ff8e1c60000 - 0x00007ff8e1cfd000 	C:\WINDOWS\System32\msvcp_win.dll
0x00007ff8db660000 - 0x00007ff8db67b000 	C:\Program Files\Android\Android Studio\jbr\bin\VCRUNTIME140.dll
0x00007ff8d7280000 - 0x00007ff8d751b000 	C:\WINDOWS\WinSxS\amd64_microsoft.windows.common-controls_6595b64144ccf1df_6.0.19041.6456_none_60b8a6cb71f64256\COMCTL32.dll
0x00007ff8e3de0000 - 0x00007ff8e3e7e000 	C:\WINDOWS\System32\msvcrt.dll
0x00007ff8e2970000 - 0x00007ff8e299f000 	C:\WINDOWS\System32\IMM32.DLL
0x00007ff8db3e0000 - 0x00007ff8db3ec000 	C:\Program Files\Android\Android Studio\jbr\bin\vcruntime140_1.dll
0x00007ff8d27a0000 - 0x00007ff8d282d000 	C:\Program Files\Android\Android Studio\jbr\bin\msvcp140.dll
0x00007ff8809e0000 - 0x00007ff881676000 	C:\Program Files\Android\Android Studio\jbr\bin\server\jvm.dll
0x00007ff8e3d20000 - 0x00007ff8e3dd1000 	C:\WINDOWS\System32\ADVAPI32.dll
0x00007ff8e2e50000 - 0x00007ff8e2eef000 	C:\WINDOWS\System32\sechost.dll
0x00007ff8e4140000 - 0x00007ff8e4260000 	C:\WINDOWS\System32\RPCRT4.dll
0x00007ff8e19c0000 - 0x00007ff8e19e7000 	C:\WINDOWS\System32\bcrypt.dll
0x00007ff8e2ba0000 - 0x00007ff8e2c0b000 	C:\WINDOWS\System32\WS2_32.dll
0x00007ff8e1770000 - 0x00007ff8e17bb000 	C:\WINDOWS\SYSTEM32\POWRPROF.dll
0x00007ff8dbe90000 - 0x00007ff8dbeb7000 	C:\WINDOWS\SYSTEM32\WINMM.dll
0x00007ff8dbec0000 - 0x00007ff8dbeca000 	C:\WINDOWS\SYSTEM32\VERSION.dll
0x00007ff8e1750000 - 0x00007ff8e1762000 	C:\WINDOWS\SYSTEM32\UMPDC.dll
0x00007ff8df830000 - 0x00007ff8df842000 	C:\WINDOWS\SYSTEM32\kernel.appcore.dll
0x00007ff8db3d0000 - 0x00007ff8db3da000 	C:\Program Files\Android\Android Studio\jbr\bin\jimage.dll
0x00007ff8dc090000 - 0x00007ff8dc291000 	C:\WINDOWS\SYSTEM32\DBGHELP.DLL
0x00007ff8dbe50000 - 0x00007ff8dbe84000 	C:\WINDOWS\SYSTEM32\dbgcore.DLL
0x00007ff8e2000000 - 0x00007ff8e2082000 	C:\WINDOWS\System32\bcryptPrimitives.dll
0x00007ff8db3b0000 - 0x00007ff8db3d0000 	C:\Program Files\Android\Android Studio\jbr\bin\java.dll
0x00007ff8d71b0000 - 0x00007ff8d71c8000 	C:\Program Files\Android\Android Studio\jbr\bin\zip.dll
0x00007ff8e34e0000 - 0x00007ff8e3c50000 	C:\WINDOWS\System32\SHELL32.dll
0x00007ff8dfa30000 - 0x00007ff8e01d5000 	C:\WINDOWS\SYSTEM32\windows.storage.dll
0x00007ff8e2ef0000 - 0x00007ff8e3244000 	C:\WINDOWS\System32\combase.dll
0x00007ff8e1310000 - 0x00007ff8e133b000 	C:\WINDOWS\SYSTEM32\Wldp.dll
0x00007ff8e2d80000 - 0x00007ff8e2e4d000 	C:\WINDOWS\System32\OLEAUT32.dll
0x00007ff8e2c10000 - 0x00007ff8e2cbd000 	C:\WINDOWS\System32\SHCORE.dll
0x00007ff8e4260000 - 0x00007ff8e42bb000 	C:\WINDOWS\System32\shlwapi.dll
0x00007ff8e18f0000 - 0x00007ff8e1914000 	C:\WINDOWS\SYSTEM32\profapi.dll
0x00007ff8d7160000 - 0x00007ff8d7170000 	C:\Program Files\Android\Android Studio\jbr\bin\net.dll
0x00007ff8d8ff0000 - 0x00007ff8d90fa000 	C:\WINDOWS\SYSTEM32\WINHTTP.dll
0x00007ff8e1070000 - 0x00007ff8e10da000 	C:\WINDOWS\system32\mswsock.dll
0x00007ff8d7070000 - 0x00007ff8d7086000 	C:\Program Files\Android\Android Studio\jbr\bin\nio.dll
0x00007ff8d7150000 - 0x00007ff8d7160000 	C:\Program Files\Android\Android Studio\jbr\bin\verify.dll

JVMTI agents: none

dbghelp: loaded successfully - version: 4.0.5 - missing functions: none
symbol engine: initialized successfully - sym options: 0x614 - pdb path: .;C:\Program Files\Android\Android Studio\jbr\bin;C:\WINDOWS\SYSTEM32;C:\WINDOWS\WinSxS\amd64_microsoft.windows.common-controls_6595b64144ccf1df_6.0.19041.6456_none_60b8a6cb71f64256;C:\Program Files\Android\Android Studio\jbr\bin\server

VM Arguments:
java_command: org.jetbrains.kotlin.cli.jvm.K2JVMCompiler @D:\Flutter\cms\build\device_info_plus\20260127_60317046720189314.compiler.options
java_class_path (initial): C:\Users\Computer care\.gradle\caches\modules-2\files-2.1\org.jetbrains.kotlin\kotlin-compiler-embeddable\2.1.0\988bf980588bbbcfa1ba19c1ffd7aa869b335a31\kotlin-compiler-embeddable-2.1.0.jar;C:\Users\Computer care\.gradle\caches\modules-2\files-2.1\org.jetbrains.kotlin\kotlin-stdlib\2.1.0\85f8b81009cda5890e54ba67d64b5e599c645020\kotlin-stdlib-2.1.0.jar;C:\Users\Computer care\.gradle\caches\modules-2\files-2.1\org.jetbrains.kotlin\kotlin-script-runtime\2.1.0\5909da8c57b75a117714ab0e348c86101b7a3284\kotlin-script-runtime-2.1.0.jar;C:\Users\Computer care\.gradle\caches\modules-2\files-2.1\org.jetbrains.kotlin\kotlin-reflect\1.6.10\1cbe9c92c12a94eea200d23c2bbaedaf3daf5132\kotlin-reflect-1.6.10.jar;C:\Users\Computer care\.gradle\caches\modules-2\files-2.1\org.jetbrains.kotlin\kotlin-daemon-embeddable\2.1.0\420bae1908e4a353f5b56c3c850d24d86367b25d\kotlin-daemon-embeddable-2.1.0.jar;C:\Users\Computer care\.gradle\caches\modules-2\files-2.1\org.jetbrains.intellij.deps\trove4j\1.0.20200330\3afb14d5f9ceb459d724e907a21145e8ff394f02\trove4j-1.0.20200330.jar;C:\Users\Computer care\.gradle\caches\modules-2\files-2.1\org.jetbrains.kotlinx\kotlinx-coroutines-core-jvm\1.6.4\2c997cd1c0ef33f3e751d3831929aeff1390cb30\kotlinx-coroutines-core-jvm-1.6.4.jar;C:\Users\Computer care\.gradle\caches\modules-2\files-2.1\org.jetbrains\annotations\13.0\919f0dfe192fb4e063e7dacadee7f8bb9a2672a9\annotations-13.0.jar
Launcher Type: SUN_STANDARD

[Global flags]
     intx CICompilerCount                          = 3                                         {product} {ergonomic}
     uint ConcGCThreads                            = 1                                         {product} {ergonomic}
     uint G1ConcRefinementThreads                  = 4                                         {product} {ergonomic}
   size_t G1HeapRegionSize                         = 1048576                                   {product} {ergonomic}
    uintx GCDrainStackTargetSize                   = 64                                        {product} {ergonomic}
   size_t InitialHeapSize                          = 130023424                                 {product} {ergonomic}
   size_t MarkStackSize                            = 4194304                                   {product} {ergonomic}
   size_t MaxHeapSize                              = 2059403264                                {product} {ergonomic}
   size_t MaxNewSize                               = 1235222528                                {product} {ergonomic}
   size_t MinHeapDeltaBytes                        = 1048576                                   {product} {ergonomic}
   size_t MinHeapSize                              = 8388608                                   {product} {ergonomic}
    uintx NonNMethodCodeHeapSize                   = 5832780                                {pd product} {ergonomic}
    uintx NonProfiledCodeHeapSize                  = 122912730                              {pd product} {ergonomic}
    uintx ProfiledCodeHeapSize                     = 122912730                              {pd product} {ergonomic}
    uintx ReservedCodeCacheSize                    = 251658240                              {pd product} {ergonomic}
     bool SegmentedCodeCache                       = true                                      {product} {ergonomic}
   size_t SoftMaxHeapSize                          = 2059403264                             {manageable} {ergonomic}
     bool UseCompressedOops                        = true                           {product lp64_product} {ergonomic}
     bool UseG1GC                                  = true                                      {product} {ergonomic}
     bool UseLargePagesIndividualAllocation        = false                                  {pd product} {ergonomic}

Logging:
Log output configuration:
 #0: stdout all=warning uptime,level,tags foldmultilines=false
 #1: stderr all=off uptime,level,tags foldmultilines=false

Environment Variables:
JAVA_HOME=C:\Program Files\Android\Android Studio\jbr
CLASSPATH=D:\Flutter\cms\android\\gradle\wrapper\gradle-wrapper.jar
PATH=C:\Program Files\Android\Android Studio\jbr\bin;C:\Program Files\Common Files\Oracle\Java\javapath;C:\WINDOWS\system32;C:\WINDOWS;C:\WINDOWS\System32\Wbem;C:\WINDOWS\System32\WindowsPowerShell\v1.0\;C:\WINDOWS\System32\OpenSSH\;C:\flutter\flutter\bin;C:\Users\Computer care\AppData\Local\Android\Sdk;C:\Program Files\dotnet\;D:\Git\cmd;D:\nodejs\;C:\Users\Computer care\AppData\Local\Pub\Cache\bin;C:\Gradle\gradle-8.12;%GRADLE_HOME%\bin;C:\Program Files\Java\jdk-17;%JAVA_HOME%\bin;C:\Users\Computer care\AppData\Local\Microsoft\WindowsApps;C:\Users\Computer care\AppData\Local\Programs\Microsoft VS Code\bin;C:\Users\Computer care\AppData\Roaming\npm;D:\Antigravity\bin;C:\flutter\flutter\bin\mingit\cmd
USERNAME=Computer care
OS=Windows_NT
PROCESSOR_IDENTIFIER=Intel64 Family 6 Model 78 Stepping 3, GenuineIntel
TMP=C:\Users\COMPUT~1\AppData\Local\Temp
TEMP=C:\Users\COMPUT~1\AppData\Local\Temp




Periodic native trim disabled

JNI global refs:
JNI global refs: 8, weak refs: 0

JNI global refs memory usage: 835, weak refs: 201

Process memory usage:
Resident Set Size: 233340K (2% of 8043048K total physical memory with 385312K free physical memory)

OOME stack traces (most recent first):
Classloader memory used:
Loader jdk.internal.loader.ClassLoaders$AppClassLoader                                 : 57076K
Loader bootstrap                                                                       : 10826K

---------------  S Y S T E M  ---------------

OS:
 Windows 10 , 64 bit Build 19041 (10.0.19041.5915)
OS uptime: 14 days 21:16 hours

CPU: total 4 (initial active 4) (2 cores per cpu, 2 threads per core) family 6 model 78 stepping 3 microcode 0xf0, cx8, cmov, fxsr, ht, mmx, 3dnowpref, sse, sse2, sse3, ssse3, sse4.1, sse4.2, popcnt, lzcnt, tsc, tscinvbit, avx, avx2, aes, erms, clmul, bmi1, bmi2, rtm, adx, fma, vzeroupper, clflush, clflushopt, rdtscp, f16c
Processor Information for the first 4 processors :
  Max Mhz: 2201, Current Mhz: 2201, Mhz Limit: 2201

Memory: 4k page, system-wide physical 7854M (380M free)
TotalPageFile size 19832M (AvailPageFile size 4M)
current process WorkingSet (physical memory assigned to process): 228M, peak: 242M
current process commit charge ("private bytes"): 255M, peak: 269M

vm_info: OpenJDK 64-Bit Server VM (21.0.8+-14018985-b1038.68) for windows-amd64 JRE (21.0.8+-14018985-b1038.68), built on 2025-08-29T19:56:34Z by "builder" with MS VC++ 16.10 / 16.11 (VS2019)

END.
